gpasm-0.13.7 beta               Objects/helper.asm10-27-2013  11:36:43         PAGE  1


LOC  OBJECT CODE     LINE SOURCE TEXT
  VALUE
 
               00001 ;--------------------------------------------------------
               00002 ; File Created by SDCC : free open source ANSI-C Compiler
               00003 ; Version 2.9.4 #5595 (Oct 15 2013) (Mac OS X ppc)
               00004 ; This file was generated Sun Oct 27 11:36:43 2013
               00005 ;--------------------------------------------------------
               00006 ; PIC16 port for the Microchip 16-bit core micros
               00007 ;--------------------------------------------------------
               00008         list    p=18f97j60
               00009 
               00010         radix dec
               00011 
               00012 ;--------------------------------------------------------
               00013 ; public variables in this module
               00014 ;--------------------------------------------------------
               00015         global _strlcpy
               00016         global _DisplayString
               00017 
               00018 ;--------------------------------------------------------
               00019 ; extern variables in this module
               00020 ;--------------------------------------------------------
               00021         extern __gptrget1
               00022         extern __gptrput1
               00023         extern _EBSTCONbits
               00024         extern _MISTATbits
               00025         extern _EFLOCONbits
               00026         extern _MACON1bits
               00027         extern _MACON2bits
               00028         extern _MACON3bits
               00029         extern _MACON4bits
               00030         extern _MACLCON1bits
               00031         extern _MACLCON2bits
               00032         extern _MICONbits
               00033         extern _MICMDbits
               00034         extern _EWOLIEbits
               00035         extern _EWOLIRbits
               00036         extern _ERXFCONbits
               00037         extern _EIEbits
               00038         extern _ESTATbits
               00039         extern _ECON2bits
               00040         extern _EIRbits
               00041         extern _EDATAbits
               00042         extern _SSP2CON2bits
               00043         extern _SSP2CON1bits
               00044         extern _SSP2STATbits
               00045         extern _ECCP2DELbits
               00046         extern _ECCP2ASbits
               00047         extern _ECCP3DELbits
               00048         extern _ECCP3ASbits
               00049         extern _RCSTA2bits
               00050         extern _TXSTA2bits
               00051         extern _CCP5CONbits
               00052         extern _CCP4CONbits
               00053         extern _T4CONbits
               00054         extern _ECCP1DELbits
gpasm-0.13.7 beta               Objects/helper.asm10-27-2013  11:36:43         PAGE  2


LOC  OBJECT CODE     LINE SOURCE TEXT
  VALUE
 
               00055         extern _BAUDCON2bits
               00056         extern _BAUDCTL2bits
               00057         extern _BAUDCONbits
               00058         extern _BAUDCON1bits
               00059         extern _BAUDCTLbits
               00060         extern _BAUDCTL1bits
               00061         extern _PORTAbits
               00062         extern _PORTBbits
               00063         extern _PORTCbits
               00064         extern _PORTDbits
               00065         extern _PORTEbits
               00066         extern _PORTFbits
               00067         extern _PORTGbits
               00068         extern _PORTHbits
               00069         extern _PORTJbits
               00070         extern _LATAbits
               00071         extern _LATBbits
               00072         extern _LATCbits
               00073         extern _LATDbits
               00074         extern _LATEbits
               00075         extern _LATFbits
               00076         extern _LATGbits
               00077         extern _LATHbits
               00078         extern _LATJbits
               00079         extern _DDRAbits
               00080         extern _TRISAbits
               00081         extern _DDRBbits
               00082         extern _TRISBbits
               00083         extern _DDRCbits
               00084         extern _TRISCbits
               00085         extern _DDRDbits
               00086         extern _TRISDbits
               00087         extern _DDREbits
               00088         extern _TRISEbits
               00089         extern _DDRFbits
               00090         extern _TRISFbits
               00091         extern _DDRGbits
               00092         extern _TRISGbits
               00093         extern _DDRHbits
               00094         extern _TRISHbits
               00095         extern _DDRJbits
               00096         extern _TRISJbits
               00097         extern _OSCTUNEbits
               00098         extern _MEMCONbits
               00099         extern _PIE1bits
               00100         extern _PIR1bits
               00101         extern _IPR1bits
               00102         extern _PIE2bits
               00103         extern _PIR2bits
               00104         extern _IPR2bits
               00105         extern _PIE3bits
               00106         extern _PIR3bits
               00107         extern _IPR3bits
               00108         extern _EECON1bits
gpasm-0.13.7 beta               Objects/helper.asm10-27-2013  11:36:43         PAGE  3


LOC  OBJECT CODE     LINE SOURCE TEXT
  VALUE
 
               00109         extern _RCSTAbits
               00110         extern _RCSTA1bits
               00111         extern _TXSTAbits
               00112         extern _TXSTA1bits
               00113         extern _PSPCONbits
               00114         extern _T3CONbits
               00115         extern _CMCONbits
               00116         extern _CVRCONbits
               00117         extern _ECCP1ASbits
               00118         extern _CCP3CONbits
               00119         extern _ECCP3CONbits
               00120         extern _CCP2CONbits
               00121         extern _ECCP2CONbits
               00122         extern _CCP1CONbits
               00123         extern _ECCP1CONbits
               00124         extern _ADCON2bits
               00125         extern _ADCON1bits
               00126         extern _ADCON0bits
               00127         extern _SSP1CON2bits
               00128         extern _SSPCON2bits
               00129         extern _SSP1CON1bits
               00130         extern _SSPCON1bits
               00131         extern _SSP1STATbits
               00132         extern _SSPSTATbits
               00133         extern _T2CONbits
               00134         extern _T1CONbits
               00135         extern _RCONbits
               00136         extern _WDTCONbits
               00137         extern _ECON1bits
               00138         extern _OSCCONbits
               00139         extern _T0CONbits
               00140         extern _STATUSbits
               00141         extern _INTCON3bits
               00142         extern _INTCON2bits
               00143         extern _INTCONbits
               00144         extern _STKPTRbits
               00145         extern _stdin
               00146         extern _stdout
               00147         extern _LCDText
               00148         extern _MAADR5
               00149         extern _MAADR6
               00150         extern _MAADR3
               00151         extern _MAADR4
               00152         extern _MAADR1
               00153         extern _MAADR2
               00154         extern _EBSTSD
               00155         extern _EBSTCON
               00156         extern _EBSTCS
               00157         extern _EBSTCSL
               00158         extern _EBSTCSH
               00159         extern _MISTAT
               00160         extern _EFLOCON
               00161         extern _EPAUS
               00162         extern _EPAUSL
gpasm-0.13.7 beta               Objects/helper.asm10-27-2013  11:36:43         PAGE  4


LOC  OBJECT CODE     LINE SOURCE TEXT
  VALUE
 
               00163         extern _EPAUSH
               00164         extern _MACON1
               00165         extern _MACON2
               00166         extern _MACON3
               00167         extern _MACON4
               00168         extern _MABBIPG
               00169         extern _MAIPG
               00170         extern _MAIPGL
               00171         extern _MAIPGH
               00172         extern _MACLCON1
               00173         extern _MACLCON2
               00174         extern _MAMXFL
               00175         extern _MAMXFLL
               00176         extern _MAMXFLH
               00177         extern _MICON
               00178         extern _MICMD
               00179         extern _MIREGADR
               00180         extern _MIWR
               00181         extern _MIWRL
               00182         extern _MIWRH
               00183         extern _MIRD
               00184         extern _MIRDL
               00185         extern _MIRDH
               00186         extern _EHT0
               00187         extern _EHT1
               00188         extern _EHT2
               00189         extern _EHT3
               00190         extern _EHT4
               00191         extern _EHT5
               00192         extern _EHT6
               00193         extern _EHT7
               00194         extern _EPMM0
               00195         extern _EPMM1
               00196         extern _EPMM2
               00197         extern _EPMM3
               00198         extern _EPMM4
               00199         extern _EPMM5
               00200         extern _EPMM6
               00201         extern _EPMM7
               00202         extern _EPMCS
               00203         extern _EPMCSL
               00204         extern _EPMCSH
               00205         extern _EPMO
               00206         extern _EPMOL
               00207         extern _EPMOH
               00208         extern _EWOLIE
               00209         extern _EWOLIR
               00210         extern _ERXFCON
               00211         extern _EPKTCNT
               00212         extern _EWRPT
               00213         extern _EWRPTL
               00214         extern _EWRPTH
               00215         extern _ETXST
               00216         extern _ETXSTL
gpasm-0.13.7 beta               Objects/helper.asm10-27-2013  11:36:43         PAGE  5


LOC  OBJECT CODE     LINE SOURCE TEXT
  VALUE
 
               00217         extern _ETXSTH
               00218         extern _ETXND
               00219         extern _ETXNDL
               00220         extern _ETXNDH
               00221         extern _ERXST
               00222         extern _ERXSTL
               00223         extern _ERXSTH
               00224         extern _ERXND
               00225         extern _ERXNDL
               00226         extern _ERXNDH
               00227         extern _ERXRDPT
               00228         extern _ERXRDPTL
               00229         extern _ERXRDPTH
               00230         extern _ERXWRPT
               00231         extern _ERXWRPTL
               00232         extern _ERXWRPTH
               00233         extern _EDMAST
               00234         extern _EDMASTL
               00235         extern _EDMASTH
               00236         extern _EDMAND
               00237         extern _EDMANDL
               00238         extern _EDMANDH
               00239         extern _EDMADST
               00240         extern _EDMADSTL
               00241         extern _EDMADSTH
               00242         extern _EDMACS
               00243         extern _EDMACSL
               00244         extern _EDMACSH
               00245         extern _EIE
               00246         extern _ESTAT
               00247         extern _ECON2
               00248         extern _EIR
               00249         extern _EDATA
               00250         extern _SSP2CON2
               00251         extern _SSP2CON1
               00252         extern _SSP2STAT
               00253         extern _SSP2ADD
               00254         extern _SSP2BUF
               00255         extern _ECCP2DEL
               00256         extern _ECCP2AS
               00257         extern _ECCP3DEL
               00258         extern _ECCP3AS
               00259         extern _RCSTA2
               00260         extern _TXSTA2
               00261         extern _TXREG2
               00262         extern _RCREG2
               00263         extern _SPBRG2
               00264         extern _CCP5CON
               00265         extern _CCPR5
               00266         extern _CCPR5L
               00267         extern _CCPR5H
               00268         extern _CCP4CON
               00269         extern _CCPR4
               00270         extern _CCPR4L
gpasm-0.13.7 beta               Objects/helper.asm10-27-2013  11:36:43         PAGE  6


LOC  OBJECT CODE     LINE SOURCE TEXT
  VALUE
 
               00271         extern _CCPR4H
               00272         extern _T4CON
               00273         extern _PR4
               00274         extern _TMR4
               00275         extern _ECCP1DEL
               00276         extern _ERDPT
               00277         extern _ERDPTL
               00278         extern _ERDPTH
               00279         extern _BAUDCON2
               00280         extern _BAUDCTL2
               00281         extern _SPBRGH2
               00282         extern _BAUDCON
               00283         extern _BAUDCON1
               00284         extern _BAUDCTL
               00285         extern _BAUDCTL1
               00286         extern _SPBRGH
               00287         extern _SPBRGH1
               00288         extern _PORTA
               00289         extern _PORTB
               00290         extern _PORTC
               00291         extern _PORTD
               00292         extern _PORTE
               00293         extern _PORTF
               00294         extern _PORTG
               00295         extern _PORTH
               00296         extern _PORTJ
               00297         extern _LATA
               00298         extern _LATB
               00299         extern _LATC
               00300         extern _LATD
               00301         extern _LATE
               00302         extern _LATF
               00303         extern _LATG
               00304         extern _LATH
               00305         extern _LATJ
               00306         extern _DDRA
               00307         extern _TRISA
               00308         extern _DDRB
               00309         extern _TRISB
               00310         extern _DDRC
               00311         extern _TRISC
               00312         extern _DDRD
               00313         extern _TRISD
               00314         extern _DDRE
               00315         extern _TRISE
               00316         extern _DDRF
               00317         extern _TRISF
               00318         extern _DDRG
               00319         extern _TRISG
               00320         extern _DDRH
               00321         extern _TRISH
               00322         extern _DDRJ
               00323         extern _TRISJ
               00324         extern _OSCTUNE
gpasm-0.13.7 beta               Objects/helper.asm10-27-2013  11:36:43         PAGE  7


LOC  OBJECT CODE     LINE SOURCE TEXT
  VALUE
 
               00325         extern _MEMCON
               00326         extern _PIE1
               00327         extern _PIR1
               00328         extern _IPR1
               00329         extern _PIE2
               00330         extern _PIR2
               00331         extern _IPR2
               00332         extern _PIE3
               00333         extern _PIR3
               00334         extern _IPR3
               00335         extern _EECON1
               00336         extern _EECON2
               00337         extern _RCSTA
               00338         extern _RCSTA1
               00339         extern _TXSTA
               00340         extern _TXSTA1
               00341         extern _TXREG
               00342         extern _TXREG1
               00343         extern _RCREG
               00344         extern _RCREG1
               00345         extern _SPBRG
               00346         extern _SPBRG1
               00347         extern _PSPCON
               00348         extern _T3CON
               00349         extern _TMR3L
               00350         extern _TMR3H
               00351         extern _CMCON
               00352         extern _CVRCON
               00353         extern _ECCP1AS
               00354         extern _CCP3CON
               00355         extern _ECCP3CON
               00356         extern _CCPR3
               00357         extern _CCPR3L
               00358         extern _CCPR3H
               00359         extern _CCP2CON
               00360         extern _ECCP2CON
               00361         extern _CCPR2
               00362         extern _CCPR2L
               00363         extern _CCPR2H
               00364         extern _CCP1CON
               00365         extern _ECCP1CON
               00366         extern _CCPR1
               00367         extern _CCPR1L
               00368         extern _CCPR1H
               00369         extern _ADCON2
               00370         extern _ADCON1
               00371         extern _ADCON0
               00372         extern _ADRES
               00373         extern _ADRESL
               00374         extern _ADRESH
               00375         extern _SSP1CON2
               00376         extern _SSPCON2
               00377         extern _SSP1CON1
               00378         extern _SSPCON1
gpasm-0.13.7 beta               Objects/helper.asm10-27-2013  11:36:43         PAGE  8


LOC  OBJECT CODE     LINE SOURCE TEXT
  VALUE
 
               00379         extern _SSP1STAT
               00380         extern _SSPSTAT
               00381         extern _SSP1ADD
               00382         extern _SSPADD
               00383         extern _SSP1BUF
               00384         extern _SSPBUF
               00385         extern _T2CON
               00386         extern _PR2
               00387         extern _TMR2
               00388         extern _T1CON
               00389         extern _TMR1L
               00390         extern _TMR1H
               00391         extern _RCON
               00392         extern _WDTCON
               00393         extern _ECON1
               00394         extern _OSCCON
               00395         extern _T0CON
               00396         extern _TMR0L
               00397         extern _TMR0H
               00398         extern _STATUS
               00399         extern _FSR2L
               00400         extern _FSR2H
               00401         extern _PLUSW2
               00402         extern _PREINC2
               00403         extern _POSTDEC2
               00404         extern _POSTINC2
               00405         extern _INDF2
               00406         extern _BSR
               00407         extern _FSR1L
               00408         extern _FSR1H
               00409         extern _PLUSW1
               00410         extern _PREINC1
               00411         extern _POSTDEC1
               00412         extern _POSTINC1
               00413         extern _INDF1
               00414         extern _WREG
               00415         extern _FSR0L
               00416         extern _FSR0H
               00417         extern _PLUSW0
               00418         extern _PREINC0
               00419         extern _POSTDEC0
               00420         extern _POSTINC0
               00421         extern _INDF0
               00422         extern _INTCON3
               00423         extern _INTCON2
               00424         extern _INTCON
               00425         extern _PROD
               00426         extern _PRODL
               00427         extern _PRODH
               00428         extern _TABLAT
               00429         extern _TBLPTR
               00430         extern _TBLPTRL
               00431         extern _TBLPTRH
               00432         extern _TBLPTRU
gpasm-0.13.7 beta               Objects/helper.asm10-27-2013  11:36:43         PAGE  9


LOC  OBJECT CODE     LINE SOURCE TEXT
  VALUE
 
               00433         extern _PC
               00434         extern _PCL
               00435         extern _PCLATH
               00436         extern _PCLATU
               00437         extern _STKPTR
               00438         extern _TOS
               00439         extern _TOSL
               00440         extern _TOSH
               00441         extern _TOSU
               00442         extern _strlen
               00443         extern _LCDUpdate
               00444 ;--------------------------------------------------------
               00445 ;       Equates to used internal registers
               00446 ;--------------------------------------------------------
  00000FD8     00447 STATUS  equ     0xfd8
  00000FE8     00448 WREG    equ     0xfe8
  00000FE9     00449 FSR0L   equ     0xfe9
  00000FE1     00450 FSR1L   equ     0xfe1
  00000FD9     00451 FSR2L   equ     0xfd9
  00000FE5     00452 POSTDEC1        equ     0xfe5
  00000FE4     00453 PREINC1 equ     0xfe4
  00000FDB     00454 PLUSW2  equ     0xfdb
  00000FF3     00455 PRODL   equ     0xff3
               00456 
               00457 
               00458 ; Internal registers
               00459 .registers      udata_ovr       0x0000
               00460 r0x00   res     1
               00461 r0x01   res     1
               00462 r0x02   res     1
               00463 r0x03   res     1
               00464 r0x04   res     1
               00465 r0x05   res     1
               00466 r0x06   res     1
               00467 r0x07   res     1
               00468 r0x08   res     1
               00469 r0x09   res     1
               00470 r0x0a   res     1
               00471 r0x0b   res     1
               00472 r0x0c   res     1
               00473 r0x0d   res     1
               00474 r0x0e   res     1
               00475 r0x0f   res     1
               00476 r0x10   res     1
               00477 r0x11   res     1
               00478 r0x12   res     1
               00479 r0x13   res     1
               00480 r0x14   res     1
               00481 r0x15   res     1
               00482 
               00483 ;--------------------------------------------------------
               00484 ; global & static initialisations
               00485 ;--------------------------------------------------------
               00486 ; I code from now on!
gpasm-0.13.7 beta               Objects/helper.asm10-27-2013  11:36:43         PAGE 10


LOC  OBJECT CODE     LINE SOURCE TEXT
  VALUE
 
               00487 ; ; Starting pCode block
               00488 S_helper__DisplayString code
0000 00489 _DisplayString:
               00490 ;       .line   94; helper.c    void DisplayString(BYTE pos, char* text)
0000 CFD9 FFE5 00491         MOVFF   FSR2L, POSTDEC1
0004 CFE1 FFD9 00492         MOVFF   FSR1L, FSR2L
0008 C000 FFE5 00493         MOVFF   r0x00, POSTDEC1
000C C000 FFE5 00494         MOVFF   r0x01, POSTDEC1
0010 C000 FFE5 00495         MOVFF   r0x02, POSTDEC1
0014 C000 FFE5 00496         MOVFF   r0x03, POSTDEC1
0018 C000 FFE5 00497         MOVFF   r0x04, POSTDEC1
001C C000 FFE5 00498         MOVFF   r0x05, POSTDEC1
0020 C000 FFE5 00499         MOVFF   r0x06, POSTDEC1
0024 C000 FFE5 00500         MOVFF   r0x07, POSTDEC1
0028 0E02      00501         MOVLW   0x02
002A CFDB F000 00502         MOVFF   PLUSW2, r0x00
002E 0E03      00503         MOVLW   0x03
0030 CFDB F000 00504         MOVFF   PLUSW2, r0x01
0034 0E04      00505         MOVLW   0x04
0036 CFDB F000 00506         MOVFF   PLUSW2, r0x02
003A 0E05      00507         MOVLW   0x05
003C CFDB F000 00508         MOVFF   PLUSW2, r0x03
               00509 ;       .line   96; helper.c    BYTE l= strlen(text)+1;
0040 5000      00510         MOVF    r0x03, W
0042 6EE5      00511         MOVWF   POSTDEC1
0044 5000      00512         MOVF    r0x02, W
0046 6EE5      00513         MOVWF   POSTDEC1
0048 5000      00514         MOVF    r0x01, W
004A 6EE5      00515         MOVWF   POSTDEC1
004C EC00 F000 00516         CALL    _strlen
0050 6E00      00517         MOVWF   r0x04
0052 CFF3 F000 00518         MOVFF   PRODL, r0x05
0056 0E03      00519         MOVLW   0x03
0058 26E1      00520         ADDWF   FSR1L, F
005A 2A00      00521         INCF    r0x04, F
               00522 ;       .line   97; helper.c    BYTE max= 32-pos;
005C 5000      00523         MOVF    r0x00, W
005E 0820      00524         SUBLW   0x20
0060 6E00      00525         MOVWF   r0x05
               00526 ;       .line   98; helper.c    strlcpy((char*)&LCDText[pos], text,(l<max)?l:max );
0062 6A00      00527         CLRF    r0x06
0064 0E00      00528         MOVLW   LOW(_LCDText)
0066 2600      00529         ADDWF   r0x00, F
0068 0E00      00530         MOVLW   HIGH(_LCDText)
006A 2200      00531         ADDWFC  r0x06, F
006C 5000      00532         MOVF    r0x06, W
006E 6E00      00533         MOVWF   r0x06
0070 5000      00534         MOVF    r0x00, W
0072 6E00      00535         MOVWF   r0x00
0074 0E80      00536         MOVLW   0x80
0076 6E00      00537         MOVWF   r0x07
0078 5000      00538         MOVF    r0x05, W
007A 5C00      00539         SUBWF   r0x04, W
007C E300      00540         BNC     _00134_DS_
gpasm-0.13.7 beta               Objects/helper.asm10-27-2013  11:36:43         PAGE 11


LOC  OBJECT CODE     LINE SOURCE TEXT
  VALUE
 
007E C000 F000 00541         MOVFF   r0x05, r0x04
0082 00542 _00134_DS_:
0082 6A00      00543         CLRF    r0x05
0084 5000      00544         MOVF    r0x05, W
0086 6EE5      00545         MOVWF   POSTDEC1
0088 5000      00546         MOVF    r0x04, W
008A 6EE5      00547         MOVWF   POSTDEC1
008C 5000      00548         MOVF    r0x03, W
008E 6EE5      00549         MOVWF   POSTDEC1
0090 5000      00550         MOVF    r0x02, W
0092 6EE5      00551         MOVWF   POSTDEC1
0094 5000      00552         MOVF    r0x01, W
0096 6EE5      00553         MOVWF   POSTDEC1
0098 5000      00554         MOVF    r0x07, W
009A 6EE5      00555         MOVWF   POSTDEC1
009C 5000      00556         MOVF    r0x06, W
009E 6EE5      00557         MOVWF   POSTDEC1
00A0 5000      00558         MOVF    r0x00, W
00A2 6EE5      00559         MOVWF   POSTDEC1
00A4 EC00 F000 00560         CALL    _strlcpy
00A8 0E08      00561         MOVLW   0x08
00AA 26E1      00562         ADDWF   FSR1L, F
               00563 ;       .line   99; helper.c    LCDUpdate();
00AC EC00 F000 00564         CALL    _LCDUpdate
00B0 CFE4 F000 00565         MOVFF   PREINC1, r0x07
00B4 CFE4 F000 00566         MOVFF   PREINC1, r0x06
00B8 CFE4 F000 00567         MOVFF   PREINC1, r0x05
00BC CFE4 F000 00568         MOVFF   PREINC1, r0x04
00C0 CFE4 F000 00569         MOVFF   PREINC1, r0x03
00C4 CFE4 F000 00570         MOVFF   PREINC1, r0x02
00C8 CFE4 F000 00571         MOVFF   PREINC1, r0x01
00CC CFE4 F000 00572         MOVFF   PREINC1, r0x00
00D0 CFE4 FFD9 00573         MOVFF   PREINC1, FSR2L
00D4 0012      00574         RETURN  
               00575 
               00576 ; ; Starting pCode block
               00577 S_helper__strlcpy       code
0000 00578 _strlcpy:
               00579 ;       .line   58; helper.c    strlcpy(char *dst, const char *src, size_t siz)
0000 CFD9 FFE5 00580         MOVFF   FSR2L, POSTDEC1
0004 CFE1 FFD9 00581         MOVFF   FSR1L, FSR2L
0008 C000 FFE5 00582         MOVFF   r0x00, POSTDEC1
000C C000 FFE5 00583         MOVFF   r0x01, POSTDEC1
0010 C000 FFE5 00584         MOVFF   r0x02, POSTDEC1
0014 C000 FFE5 00585         MOVFF   r0x03, POSTDEC1
0018 C000 FFE5 00586         MOVFF   r0x04, POSTDEC1
001C C000 FFE5 00587         MOVFF   r0x05, POSTDEC1
0020 C000 FFE5 00588         MOVFF   r0x06, POSTDEC1
0024 C000 FFE5 00589         MOVFF   r0x07, POSTDEC1
0028 C000 FFE5 00590         MOVFF   r0x08, POSTDEC1
002C C000 FFE5 00591         MOVFF   r0x09, POSTDEC1
0030 C000 FFE5 00592         MOVFF   r0x0a, POSTDEC1
0034 C000 FFE5 00593         MOVFF   r0x0b, POSTDEC1
0038 C000 FFE5 00594         MOVFF   r0x0c, POSTDEC1
gpasm-0.13.7 beta               Objects/helper.asm10-27-2013  11:36:43         PAGE 12


LOC  OBJECT CODE     LINE SOURCE TEXT
  VALUE
 
003C C000 FFE5 00595         MOVFF   r0x0d, POSTDEC1
0040 C000 FFE5 00596         MOVFF   r0x0e, POSTDEC1
0044 C000 FFE5 00597         MOVFF   r0x0f, POSTDEC1
0048 C000 FFE5 00598         MOVFF   r0x10, POSTDEC1
004C C000 FFE5 00599         MOVFF   r0x11, POSTDEC1
0050 C000 FFE5 00600         MOVFF   r0x12, POSTDEC1
0054 C000 FFE5 00601         MOVFF   r0x13, POSTDEC1
0058 C000 FFE5 00602         MOVFF   r0x14, POSTDEC1
005C C000 FFE5 00603         MOVFF   r0x15, POSTDEC1
0060 0E02      00604         MOVLW   0x02
0062 CFDB F000 00605         MOVFF   PLUSW2, r0x00
0066 0E03      00606         MOVLW   0x03
0068 CFDB F000 00607         MOVFF   PLUSW2, r0x01
006C 0E04      00608         MOVLW   0x04
006E CFDB F000 00609         MOVFF   PLUSW2, r0x02
0072 0E05      00610         MOVLW   0x05
0074 CFDB F000 00611         MOVFF   PLUSW2, r0x03
0078 0E06      00612         MOVLW   0x06
007A CFDB F000 00613         MOVFF   PLUSW2, r0x04
007E 0E07      00614         MOVLW   0x07
0080 CFDB F000 00615         MOVFF   PLUSW2, r0x05
0084 0E08      00616         MOVLW   0x08
0086 CFDB F000 00617         MOVFF   PLUSW2, r0x06
008A 0E09      00618         MOVLW   0x09
008C CFDB F000 00619         MOVFF   PLUSW2, r0x07
               00620 ;       .line   60; helper.c    char       *d = dst;
0090 C000 F000 00621         MOVFF   r0x00, r0x08
0094 C000 F000 00622         MOVFF   r0x01, r0x09
0098 C000 F000 00623         MOVFF   r0x02, r0x0a
               00624 ;       .line   61; helper.c    const char *s = src;
009C C000 F000 00625         MOVFF   r0x03, r0x0b
00A0 C000 F000 00626         MOVFF   r0x04, r0x0c
00A4 C000 F000 00627         MOVFF   r0x05, r0x0d
               00628 ;       .line   62; helper.c    size_t      n = siz;
00A8 C000 F000 00629         MOVFF   r0x06, r0x0e
00AC C000 F000 00630         MOVFF   r0x07, r0x0f
               00631 ;       .line   65; helper.c    if (n != 0)
00B0 5000      00632         MOVF    r0x06, W
00B2 1000      00633         IORWF   r0x07, W
00B4 B4D8      00634         BTFSC   STATUS, 2
00B6 D000      00635         BRA     _00111_DS_
               00636 ;       .line   67; helper.c    while (--n != 0)
00B8 C000 F000 00637         MOVFF   r0x03, r0x10
00BC C000 F000 00638         MOVFF   r0x04, r0x11
00C0 C000 F000 00639         MOVFF   r0x05, r0x12
00C4 C000 F000 00640         MOVFF   r0x06, r0x13
00C8 C000 F000 00641         MOVFF   r0x07, r0x14
00CC 00642 _00107_DS_:
00CC 0EFF      00643         MOVLW   0xff
00CE 2600      00644         ADDWF   r0x13, F
00D0 A0D8      00645         BTFSS   STATUS, 0
00D2 0600      00646         DECF    r0x14, F
00D4 5000      00647         MOVF    r0x13, W
00D6 1000      00648         IORWF   r0x14, W
gpasm-0.13.7 beta               Objects/helper.asm10-27-2013  11:36:43         PAGE 13


LOC  OBJECT CODE     LINE SOURCE TEXT
  VALUE
 
00D8 E000      00649         BZ      _00126_DS_
               00650 ;       .line   69; helper.c    if ((*d++ = *s++) == '\0')
00DA C000 FFE9 00651         MOVFF   r0x10, FSR0L
00DE C000 FFF3 00652         MOVFF   r0x11, PRODL
00E2 5000      00653         MOVF    r0x12, W
00E4 EC00 F000 00654         CALL    __gptrget1
00E8 6E00      00655         MOVWF   r0x15
00EA 2A00      00656         INCF    r0x10, F
00EC B0D8      00657         BTFSC   STATUS, 0
00EE 2A00      00658         INCF    r0x11, F
00F0 B0D8      00659         BTFSC   STATUS, 0
00F2 2A00      00660         INCF    r0x12, F
00F4 C000 FFE5 00661         MOVFF   r0x15, POSTDEC1
00F8 C000 FFE9 00662         MOVFF   r0x00, FSR0L
00FC C000 FFF3 00663         MOVFF   r0x01, PRODL
0100 5000      00664         MOVF    r0x02, W
0102 EC00 F000 00665         CALL    __gptrput1
0106 2A00      00666         INCF    r0x00, F
0108 B0D8      00667         BTFSC   STATUS, 0
010A 2A00      00668         INCF    r0x01, F
010C B0D8      00669         BTFSC   STATUS, 0
010E 2A00      00670         INCF    r0x02, F
0110 5000      00671         MOVF    r0x15, W
0112 E100      00672         BNZ     _00107_DS_
0114 00673 _00126_DS_:
               00674 ;       .line   70; helper.c    break;
0114 C000 F000 00675         MOVFF   r0x10, r0x0b
0118 C000 F000 00676         MOVFF   r0x11, r0x0c
011C C000 F000 00677         MOVFF   r0x12, r0x0d
0120 C000 F000 00678         MOVFF   r0x00, r0x08
0124 C000 F000 00679         MOVFF   r0x01, r0x09
0128 C000 F000 00680         MOVFF   r0x02, r0x0a
012C C000 F000 00681         MOVFF   r0x13, r0x0e
0130 C000 F000 00682         MOVFF   r0x14, r0x0f
0134 00683 _00111_DS_:
               00684 ;       .line   75; helper.c    if (n == 0)
0134 5000      00685         MOVF    r0x0e, W
0136 1000      00686         IORWF   r0x0f, W
0138 E100      00687         BNZ     _00118_DS_
               00688 ;       .line   77; helper.c    if (siz != 0)
013A 5000      00689         MOVF    r0x06, W
013C 1000      00690         IORWF   r0x07, W
013E E000      00691         BZ      _00125_DS_
               00692 ;       .line   78; helper.c    *d = '\0';          /* NUL-terminate dst */
0140 0E00      00693         MOVLW   0x00
0142 6EE5      00694         MOVWF   POSTDEC1
0144 C000 FFE9 00695         MOVFF   r0x08, FSR0L
0148 C000 FFF3 00696         MOVFF   r0x09, PRODL
014C 5000      00697         MOVF    r0x0a, W
014E EC00 F000 00698         CALL    __gptrput1
0152 00699 _00125_DS_:
               00700 ;       .line   79; helper.c    while (*s++)
0152 C000 F000 00701         MOVFF   r0x0b, r0x00
0156 C000 F000 00702         MOVFF   r0x0c, r0x01
gpasm-0.13.7 beta               Objects/helper.asm10-27-2013  11:36:43         PAGE 14


LOC  OBJECT CODE     LINE SOURCE TEXT
  VALUE
 
015A C000 F000 00703         MOVFF   r0x0d, r0x02
015E 00704 _00114_DS_:
015E C000 FFE9 00705         MOVFF   r0x00, FSR0L
0162 C000 FFF3 00706         MOVFF   r0x01, PRODL
0166 5000      00707         MOVF    r0x02, W
0168 EC00 F000 00708         CALL    __gptrget1
016C 6E00      00709         MOVWF   r0x06
016E 2A00      00710         INCF    r0x00, F
0170 B0D8      00711         BTFSC   STATUS, 0
0172 2A00      00712         INCF    r0x01, F
0174 B0D8      00713         BTFSC   STATUS, 0
0176 2A00      00714         INCF    r0x02, F
0178 5000      00715         MOVF    r0x06, W
017A E100      00716         BNZ     _00114_DS_
017C C000 F000 00717         MOVFF   r0x00, r0x0b
0180 C000 F000 00718         MOVFF   r0x01, r0x0c
0184 C000 F000 00719         MOVFF   r0x02, r0x0d
0188 00720 _00118_DS_:
               00721 ;       .line   85; helper.c    return (s - src - 1);       /* count does not include NUL */
0188 5000      00722         MOVF    r0x03, W
018A 5C00      00723         SUBWF   r0x0b, W
018C 6E00      00724         MOVWF   r0x03
018E 5000      00725         MOVF    r0x04, W
0190 5800      00726         SUBWFB  r0x0c, W
0192 6E00      00727         MOVWF   r0x04
0194 0EFF      00728         MOVLW   0xff
0196 2600      00729         ADDWF   r0x03, F
0198 A0D8      00730         BTFSS   STATUS, 0
019A 0600      00731         DECF    r0x04, F
019C C000 FFF3 00732         MOVFF   r0x04, PRODL
01A0 5000      00733         MOVF    r0x03, W
01A2 CFE4 F000 00734         MOVFF   PREINC1, r0x15
01A6 CFE4 F000 00735         MOVFF   PREINC1, r0x14
01AA CFE4 F000 00736         MOVFF   PREINC1, r0x13
01AE CFE4 F000 00737         MOVFF   PREINC1, r0x12
01B2 CFE4 F000 00738         MOVFF   PREINC1, r0x11
01B6 CFE4 F000 00739         MOVFF   PREINC1, r0x10
01BA CFE4 F000 00740         MOVFF   PREINC1, r0x0f
01BE CFE4 F000 00741         MOVFF   PREINC1, r0x0e
01C2 CFE4 F000 00742         MOVFF   PREINC1, r0x0d
01C6 CFE4 F000 00743         MOVFF   PREINC1, r0x0c
01CA CFE4 F000 00744         MOVFF   PREINC1, r0x0b
01CE CFE4 F000 00745         MOVFF   PREINC1, r0x0a
01D2 CFE4 F000 00746         MOVFF   PREINC1, r0x09
01D6 CFE4 F000 00747         MOVFF   PREINC1, r0x08
01DA CFE4 F000 00748         MOVFF   PREINC1, r0x07
01DE CFE4 F000 00749         MOVFF   PREINC1, r0x06
01E2 CFE4 F000 00750         MOVFF   PREINC1, r0x05
01E6 CFE4 F000 00751         MOVFF   PREINC1, r0x04
01EA CFE4 F000 00752         MOVFF   PREINC1, r0x03
01EE CFE4 F000 00753         MOVFF   PREINC1, r0x02
01F2 CFE4 F000 00754         MOVFF   PREINC1, r0x01
01F6 CFE4 F000 00755         MOVFF   PREINC1, r0x00
01FA CFE4 FFD9 00756         MOVFF   PREINC1, FSR2L
gpasm-0.13.7 beta               Objects/helper.asm10-27-2013  11:36:43         PAGE 15


LOC  OBJECT CODE     LINE SOURCE TEXT
  VALUE
 
01FE 0012      00757         RETURN  
               00758 
               00759 
               00760 
               00761 ; Statistics:
               00762 ; code size:      726 (0x02d6) bytes ( 0.55%)
               00763 ;                 363 (0x016b) words
               00764 ; udata size:       0 (0x0000) bytes ( 0.00%)
               00765 ; access size:     22 (0x0016) bytes
               00766 
               00767 
gpasm-0.13.7 beta               Objects/helper.asm10-27-2013  11:36:43         PAGE 16


SYMBOL TABLE
  LABEL                             VALUE 

FSR0L                             00000FE9
FSR1L                             00000FE1
FSR2L                             00000FD9
PLUSW2                            00000FDB
POSTDEC1                          00000FE5
PREINC1                           00000FE4
PRODL                             00000FF3
STATUS                            00000FD8
WREG                              00000FE8
_00107_DS_                        000000CC
_00111_DS_                        00000134
_00114_DS_                        0000015E
_00118_DS_                        00000188
_00125_DS_                        00000152
_00126_DS_                        00000114
_00134_DS_                        00000082
_ADCON0                           00000000
_ADCON0bits                       00000000
_ADCON1                           00000000
_ADCON1bits                       00000000
_ADCON2                           00000000
_ADCON2bits                       00000000
_ADRES                            00000000
_ADRESH                           00000000
_ADRESL                           00000000
_BAUDCON                          00000000
_BAUDCON1                         00000000
_BAUDCON1bits                     00000000
_BAUDCON2                         00000000
_BAUDCON2bits                     00000000
_BAUDCONbits                      00000000
_BAUDCTL                          00000000
_BAUDCTL1                         00000000
_BAUDCTL1bits                     00000000
_BAUDCTL2                         00000000
_BAUDCTL2bits                     00000000
_BAUDCTLbits                      00000000
_BSR                              00000000
_CCP1CON                          00000000
_CCP1CONbits                      00000000
_CCP2CON                          00000000
_CCP2CONbits                      00000000
_CCP3CON                          00000000
_CCP3CONbits                      00000000
_CCP4CON                          00000000
_CCP4CONbits                      00000000
_CCP5CON                          00000000
_CCP5CONbits                      00000000
_CCPR1                            00000000
_CCPR1H                           00000000
_CCPR1L                           00000000
_CCPR2                            00000000
_CCPR2H                           00000000
gpasm-0.13.7 beta               Objects/helper.asm10-27-2013  11:36:43         PAGE 17


LOC  OBJECT CODE     LINE SOURCE TEXT
  VALUE
 
_CCPR2L                           00000000
_CCPR3                            00000000
_CCPR3H                           00000000
_CCPR3L                           00000000
_CCPR4                            00000000
_CCPR4H                           00000000
_CCPR4L                           00000000
_CCPR5                            00000000
_CCPR5H                           00000000
_CCPR5L                           00000000
_CMCON                            00000000
_CMCONbits                        00000000
_CVRCON                           00000000
_CVRCONbits                       00000000
_DDRA                             00000000
_DDRAbits                         00000000
_DDRB                             00000000
_DDRBbits                         00000000
_DDRC                             00000000
_DDRCbits                         00000000
_DDRD                             00000000
_DDRDbits                         00000000
_DDRE                             00000000
_DDREbits                         00000000
_DDRF                             00000000
_DDRFbits                         00000000
_DDRG                             00000000
_DDRGbits                         00000000
_DDRH                             00000000
_DDRHbits                         00000000
_DDRJ                             00000000
_DDRJbits                         00000000
_DisplayString                    00000000
_EBSTCON                          00000000
_EBSTCONbits                      00000000
_EBSTCS                           00000000
_EBSTCSH                          00000000
_EBSTCSL                          00000000
_EBSTSD                           00000000
_ECCP1AS                          00000000
_ECCP1ASbits                      00000000
_ECCP1CON                         00000000
_ECCP1CONbits                     00000000
_ECCP1DEL                         00000000
_ECCP1DELbits                     00000000
_ECCP2AS                          00000000
_ECCP2ASbits                      00000000
_ECCP2CON                         00000000
_ECCP2CONbits                     00000000
_ECCP2DEL                         00000000
_ECCP2DELbits                     00000000
_ECCP3AS                          00000000
_ECCP3ASbits                      00000000
_ECCP3CON                         00000000
gpasm-0.13.7 beta               Objects/helper.asm10-27-2013  11:36:43         PAGE 18


LOC  OBJECT CODE     LINE SOURCE TEXT
  VALUE
 
_ECCP3CONbits                     00000000
_ECCP3DEL                         00000000
_ECCP3DELbits                     00000000
_ECON1                            00000000
_ECON1bits                        00000000
_ECON2                            00000000
_ECON2bits                        00000000
_EDATA                            00000000
_EDATAbits                        00000000
_EDMACS                           00000000
_EDMACSH                          00000000
_EDMACSL                          00000000
_EDMADST                          00000000
_EDMADSTH                         00000000
_EDMADSTL                         00000000
_EDMAND                           00000000
_EDMANDH                          00000000
_EDMANDL                          00000000
_EDMAST                           00000000
_EDMASTH                          00000000
_EDMASTL                          00000000
_EECON1                           00000000
_EECON1bits                       00000000
_EECON2                           00000000
_EFLOCON                          00000000
_EFLOCONbits                      00000000
_EHT0                             00000000
_EHT1                             00000000
_EHT2                             00000000
_EHT3                             00000000
_EHT4                             00000000
_EHT5                             00000000
_EHT6                             00000000
_EHT7                             00000000
_EIE                              00000000
_EIEbits                          00000000
_EIR                              00000000
_EIRbits                          00000000
_EPAUS                            00000000
_EPAUSH                           00000000
_EPAUSL                           00000000
_EPKTCNT                          00000000
_EPMCS                            00000000
_EPMCSH                           00000000
_EPMCSL                           00000000
_EPMM0                            00000000
_EPMM1                            00000000
_EPMM2                            00000000
_EPMM3                            00000000
_EPMM4                            00000000
_EPMM5                            00000000
_EPMM6                            00000000
_EPMM7                            00000000
_EPMO                             00000000
gpasm-0.13.7 beta               Objects/helper.asm10-27-2013  11:36:43         PAGE 19


LOC  OBJECT CODE     LINE SOURCE TEXT
  VALUE
 
_EPMOH                            00000000
_EPMOL                            00000000
_ERDPT                            00000000
_ERDPTH                           00000000
_ERDPTL                           00000000
_ERXFCON                          00000000
_ERXFCONbits                      00000000
_ERXND                            00000000
_ERXNDH                           00000000
_ERXNDL                           00000000
_ERXRDPT                          00000000
_ERXRDPTH                         00000000
_ERXRDPTL                         00000000
_ERXST                            00000000
_ERXSTH                           00000000
_ERXSTL                           00000000
_ERXWRPT                          00000000
_ERXWRPTH                         00000000
_ERXWRPTL                         00000000
_ESTAT                            00000000
_ESTATbits                        00000000
_ETXND                            00000000
_ETXNDH                           00000000
_ETXNDL                           00000000
_ETXST                            00000000
_ETXSTH                           00000000
_ETXSTL                           00000000
_EWOLIE                           00000000
_EWOLIEbits                       00000000
_EWOLIR                           00000000
_EWOLIRbits                       00000000
_EWRPT                            00000000
_EWRPTH                           00000000
_EWRPTL                           00000000
_FSR0H                            00000000
_FSR0L                            00000000
_FSR1H                            00000000
_FSR1L                            00000000
_FSR2H                            00000000
_FSR2L                            00000000
_INDF0                            00000000
_INDF1                            00000000
_INDF2                            00000000
_INTCON                           00000000
_INTCON2                          00000000
_INTCON2bits                      00000000
_INTCON3                          00000000
_INTCON3bits                      00000000
_INTCONbits                       00000000
_IPR1                             00000000
_IPR1bits                         00000000
_IPR2                             00000000
_IPR2bits                         00000000
_IPR3                             00000000
gpasm-0.13.7 beta               Objects/helper.asm10-27-2013  11:36:43         PAGE 20


LOC  OBJECT CODE     LINE SOURCE TEXT
  VALUE
 
_IPR3bits                         00000000
_LATA                             00000000
_LATAbits                         00000000
_LATB                             00000000
_LATBbits                         00000000
_LATC                             00000000
_LATCbits                         00000000
_LATD                             00000000
_LATDbits                         00000000
_LATE                             00000000
_LATEbits                         00000000
_LATF                             00000000
_LATFbits                         00000000
_LATG                             00000000
_LATGbits                         00000000
_LATH                             00000000
_LATHbits                         00000000
_LATJ                             00000000
_LATJbits                         00000000
_LCDText                          00000000
_LCDUpdate                        00000000
_MAADR1                           00000000
_MAADR2                           00000000
_MAADR3                           00000000
_MAADR4                           00000000
_MAADR5                           00000000
_MAADR6                           00000000
_MABBIPG                          00000000
_MACLCON1                         00000000
_MACLCON1bits                     00000000
_MACLCON2                         00000000
_MACLCON2bits                     00000000
_MACON1                           00000000
_MACON1bits                       00000000
_MACON2                           00000000
_MACON2bits                       00000000
_MACON3                           00000000
_MACON3bits                       00000000
_MACON4                           00000000
_MACON4bits                       00000000
_MAIPG                            00000000
_MAIPGH                           00000000
_MAIPGL                           00000000
_MAMXFL                           00000000
_MAMXFLH                          00000000
_MAMXFLL                          00000000
_MEMCON                           00000000
_MEMCONbits                       00000000
_MICMD                            00000000
_MICMDbits                        00000000
_MICON                            00000000
_MICONbits                        00000000
_MIRD                             00000000
_MIRDH                            00000000
gpasm-0.13.7 beta               Objects/helper.asm10-27-2013  11:36:43         PAGE 21


LOC  OBJECT CODE     LINE SOURCE TEXT
  VALUE
 
_MIRDL                            00000000
_MIREGADR                         00000000
_MISTAT                           00000000
_MISTATbits                       00000000
_MIWR                             00000000
_MIWRH                            00000000
_MIWRL                            00000000
_OSCCON                           00000000
_OSCCONbits                       00000000
_OSCTUNE                          00000000
_OSCTUNEbits                      00000000
_PC                               00000000
_PCL                              00000000
_PCLATH                           00000000
_PCLATU                           00000000
_PIE1                             00000000
_PIE1bits                         00000000
_PIE2                             00000000
_PIE2bits                         00000000
_PIE3                             00000000
_PIE3bits                         00000000
_PIR1                             00000000
_PIR1bits                         00000000
_PIR2                             00000000
_PIR2bits                         00000000
_PIR3                             00000000
_PIR3bits                         00000000
_PLUSW0                           00000000
_PLUSW1                           00000000
_PLUSW2                           00000000
_PORTA                            00000000
_PORTAbits                        00000000
_PORTB                            00000000
_PORTBbits                        00000000
_PORTC                            00000000
_PORTCbits                        00000000
_PORTD                            00000000
_PORTDbits                        00000000
_PORTE                            00000000
_PORTEbits                        00000000
_PORTF                            00000000
_PORTFbits                        00000000
_PORTG                            00000000
_PORTGbits                        00000000
_PORTH                            00000000
_PORTHbits                        00000000
_PORTJ                            00000000
_PORTJbits                        00000000
_POSTDEC0                         00000000
_POSTDEC1                         00000000
_POSTDEC2                         00000000
_POSTINC0                         00000000
_POSTINC1                         00000000
_POSTINC2                         00000000
gpasm-0.13.7 beta               Objects/helper.asm10-27-2013  11:36:43         PAGE 22


LOC  OBJECT CODE     LINE SOURCE TEXT
  VALUE
 
_PR2                              00000000
_PR4                              00000000
_PREINC0                          00000000
_PREINC1                          00000000
_PREINC2                          00000000
_PROD                             00000000
_PRODH                            00000000
_PRODL                            00000000
_PSPCON                           00000000
_PSPCONbits                       00000000
_RCON                             00000000
_RCONbits                         00000000
_RCREG                            00000000
_RCREG1                           00000000
_RCREG2                           00000000
_RCSTA                            00000000
_RCSTA1                           00000000
_RCSTA1bits                       00000000
_RCSTA2                           00000000
_RCSTA2bits                       00000000
_RCSTAbits                        00000000
_SPBRG                            00000000
_SPBRG1                           00000000
_SPBRG2                           00000000
_SPBRGH                           00000000
_SPBRGH1                          00000000
_SPBRGH2                          00000000
_SSP1ADD                          00000000
_SSP1BUF                          00000000
_SSP1CON1                         00000000
_SSP1CON1bits                     00000000
_SSP1CON2                         00000000
_SSP1CON2bits                     00000000
_SSP1STAT                         00000000
_SSP1STATbits                     00000000
_SSP2ADD                          00000000
_SSP2BUF                          00000000
_SSP2CON1                         00000000
_SSP2CON1bits                     00000000
_SSP2CON2                         00000000
_SSP2CON2bits                     00000000
_SSP2STAT                         00000000
_SSP2STATbits                     00000000
_SSPADD                           00000000
_SSPBUF                           00000000
_SSPCON1                          00000000
_SSPCON1bits                      00000000
_SSPCON2                          00000000
_SSPCON2bits                      00000000
_SSPSTAT                          00000000
_SSPSTATbits                      00000000
_STATUS                           00000000
_STATUSbits                       00000000
_STKPTR                           00000000
gpasm-0.13.7 beta               Objects/helper.asm10-27-2013  11:36:43         PAGE 23


LOC  OBJECT CODE     LINE SOURCE TEXT
  VALUE
 
_STKPTRbits                       00000000
_T0CON                            00000000
_T0CONbits                        00000000
_T1CON                            00000000
_T1CONbits                        00000000
_T2CON                            00000000
_T2CONbits                        00000000
_T3CON                            00000000
_T3CONbits                        00000000
_T4CON                            00000000
_T4CONbits                        00000000
_TABLAT                           00000000
_TBLPTR                           00000000
_TBLPTRH                          00000000
_TBLPTRL                          00000000
_TBLPTRU                          00000000
_TMR0H                            00000000
_TMR0L                            00000000
_TMR1H                            00000000
_TMR1L                            00000000
_TMR2                             00000000
_TMR3H                            00000000
_TMR3L                            00000000
_TMR4                             00000000
_TOS                              00000000
_TOSH                             00000000
_TOSL                             00000000
_TOSU                             00000000
_TRISA                            00000000
_TRISAbits                        00000000
_TRISB                            00000000
_TRISBbits                        00000000
_TRISC                            00000000
_TRISCbits                        00000000
_TRISD                            00000000
_TRISDbits                        00000000
_TRISE                            00000000
_TRISEbits                        00000000
_TRISF                            00000000
_TRISFbits                        00000000
_TRISG                            00000000
_TRISGbits                        00000000
_TRISH                            00000000
_TRISHbits                        00000000
_TRISJ                            00000000
_TRISJbits                        00000000
_TXREG                            00000000
_TXREG1                           00000000
_TXREG2                           00000000
_TXSTA                            00000000
_TXSTA1                           00000000
_TXSTA1bits                       00000000
_TXSTA2                           00000000
_TXSTA2bits                       00000000
gpasm-0.13.7 beta               Objects/helper.asm10-27-2013  11:36:43         PAGE 24


LOC  OBJECT CODE     LINE SOURCE TEXT
  VALUE
 
_TXSTAbits                        00000000
_WDTCON                           00000000
_WDTCONbits                       00000000
_WREG                             00000000
__18F97J60                        00000001
__gptrget1                        00000000
__gptrput1                        00000000
_stdin                            00000000
_stdout                           00000000
_strlcpy                          00000000
_strlen                           00000000
r0x00                             00000000
r0x01                             00000001
r0x02                             00000002
r0x03                             00000003
r0x04                             00000004
r0x05                             00000005
r0x06                             00000006
r0x07                             00000007
r0x08                             00000008
r0x09                             00000009
r0x0a                             0000000A
r0x0b                             0000000B
r0x0c                             0000000C
r0x0d                             0000000D
r0x0e                             0000000E
r0x0f                             0000000F
r0x10                             00000010
r0x11                             00000011
r0x12                             00000012
r0x13                             00000013
r0x14                             00000014
r0x15                             00000015


Errors   :       0
Warnings :       0 reported,       0 suppressed
Messages :       0 reported,       0 suppressed

