gpasm-1.2.0 #980 (Oct 17 2013) Objects/LCDBlo   10-25-2013  14:19:33        PAGE  1


LOC  OBJECT CODE     LINE SOURCE TEXT
  VALUE

                      00001 ;--------------------------------------------------------
                      00002 ; File Created by SDCC : free open source ANSI-C Compiler
                      00003 ; Version 2.9.4 #5595 (Oct 17 2013) (Mac OS X ppc)
                      00004 ; This file was generated Fri Oct 25 14:19:33 2013
                      00005 ;--------------------------------------------------------
                      00006 ; PIC16 port for the Microchip 16-bit core micros
                      00007 ;--------------------------------------------------------
                      00008         list    p=18f97j60
                      00009 
                      00010         radix dec
                      00011 
                      00012 ;--------------------------------------------------------
                      00013 ; public variables in this module
                      00014 ;--------------------------------------------------------
  0000                00015         global _LCDInit
  0000                00016         global _LCDUpdate
  0000                00017         global _LCDErase
  0000                00018         global _LCDText
                      00019 
                      00020 ;--------------------------------------------------------
                      00021 ; extern variables in this module
                      00022 ;--------------------------------------------------------
  0000                00023         extern _EBSTCONbits
  0000                00024         extern _MISTATbits
  0000                00025         extern _EFLOCONbits
  0000                00026         extern _MACON1bits
  0000                00027         extern _MACON2bits
  0000                00028         extern _MACON3bits
  0000                00029         extern _MACON4bits
  0000                00030         extern _MACLCON1bits
  0000                00031         extern _MACLCON2bits
  0000                00032         extern _MICONbits
  0000                00033         extern _MICMDbits
  0000                00034         extern _EWOLIEbits
  0000                00035         extern _EWOLIRbits
  0000                00036         extern _ERXFCONbits
  0000                00037         extern _EIEbits
  0000                00038         extern _ESTATbits
  0000                00039         extern _ECON2bits
  0000                00040         extern _EIRbits
  0000                00041         extern _EDATAbits
  0000                00042         extern _SSP2CON2bits
  0000                00043         extern _SSP2CON1bits
  0000                00044         extern _SSP2STATbits
  0000                00045         extern _ECCP2DELbits
  0000                00046         extern _ECCP2ASbits
  0000                00047         extern _ECCP3DELbits
  0000                00048         extern _ECCP3ASbits
  0000                00049         extern _RCSTA2bits
  0000                00050         extern _TXSTA2bits
  0000                00051         extern _CCP5CONbits
  0000                00052         extern _CCP4CONbits
  0000                00053         extern _T4CONbits
gpasm-1.2.0 #980 (Oct 17 2013) Objects/LCDBlo   10-25-2013  14:19:33        PAGE  2


LOC  OBJECT CODE     LINE SOURCE TEXT
  VALUE

  0000                00054         extern _ECCP1DELbits
  0000                00055         extern _BAUDCON2bits
  0000                00056         extern _BAUDCTL2bits
  0000                00057         extern _BAUDCONbits
  0000                00058         extern _BAUDCON1bits
  0000                00059         extern _BAUDCTLbits
  0000                00060         extern _BAUDCTL1bits
  0000                00061         extern _PORTAbits
  0000                00062         extern _PORTBbits
  0000                00063         extern _PORTCbits
  0000                00064         extern _PORTDbits
  0000                00065         extern _PORTEbits
  0000                00066         extern _PORTFbits
  0000                00067         extern _PORTGbits
  0000                00068         extern _PORTHbits
  0000                00069         extern _PORTJbits
  0000                00070         extern _LATAbits
  0000                00071         extern _LATBbits
  0000                00072         extern _LATCbits
  0000                00073         extern _LATDbits
  0000                00074         extern _LATEbits
  0000                00075         extern _LATFbits
  0000                00076         extern _LATGbits
  0000                00077         extern _LATHbits
  0000                00078         extern _LATJbits
  0000                00079         extern _DDRAbits
  0000                00080         extern _TRISAbits
  0000                00081         extern _DDRBbits
  0000                00082         extern _TRISBbits
  0000                00083         extern _DDRCbits
  0000                00084         extern _TRISCbits
  0000                00085         extern _DDRDbits
  0000                00086         extern _TRISDbits
  0000                00087         extern _DDREbits
  0000                00088         extern _TRISEbits
  0000                00089         extern _DDRFbits
  0000                00090         extern _TRISFbits
  0000                00091         extern _DDRGbits
  0000                00092         extern _TRISGbits
  0000                00093         extern _DDRHbits
  0000                00094         extern _TRISHbits
  0000                00095         extern _DDRJbits
  0000                00096         extern _TRISJbits
  0000                00097         extern _OSCTUNEbits
  0000                00098         extern _MEMCONbits
  0000                00099         extern _PIE1bits
  0000                00100         extern _PIR1bits
  0000                00101         extern _IPR1bits
  0000                00102         extern _PIE2bits
  0000                00103         extern _PIR2bits
  0000                00104         extern _IPR2bits
  0000                00105         extern _PIE3bits
  0000                00106         extern _PIR3bits
gpasm-1.2.0 #980 (Oct 17 2013) Objects/LCDBlo   10-25-2013  14:19:33        PAGE  3


LOC  OBJECT CODE     LINE SOURCE TEXT
  VALUE

  0000                00107         extern _IPR3bits
  0000                00108         extern _EECON1bits
  0000                00109         extern _RCSTAbits
  0000                00110         extern _RCSTA1bits
  0000                00111         extern _TXSTAbits
  0000                00112         extern _TXSTA1bits
  0000                00113         extern _PSPCONbits
  0000                00114         extern _T3CONbits
  0000                00115         extern _CMCONbits
  0000                00116         extern _CVRCONbits
  0000                00117         extern _ECCP1ASbits
  0000                00118         extern _CCP3CONbits
  0000                00119         extern _ECCP3CONbits
  0000                00120         extern _CCP2CONbits
  0000                00121         extern _ECCP2CONbits
  0000                00122         extern _CCP1CONbits
  0000                00123         extern _ECCP1CONbits
  0000                00124         extern _ADCON2bits
  0000                00125         extern _ADCON1bits
  0000                00126         extern _ADCON0bits
  0000                00127         extern _SSP1CON2bits
  0000                00128         extern _SSPCON2bits
  0000                00129         extern _SSP1CON1bits
  0000                00130         extern _SSPCON1bits
  0000                00131         extern _SSP1STATbits
  0000                00132         extern _SSPSTATbits
  0000                00133         extern _T2CONbits
  0000                00134         extern _T1CONbits
  0000                00135         extern _RCONbits
  0000                00136         extern _WDTCONbits
  0000                00137         extern _ECON1bits
  0000                00138         extern _OSCCONbits
  0000                00139         extern _T0CONbits
  0000                00140         extern _STATUSbits
  0000                00141         extern _INTCON3bits
  0000                00142         extern _INTCON2bits
  0000                00143         extern _INTCONbits
  0000                00144         extern _STKPTRbits
  0000                00145         extern _stdin
  0000                00146         extern _stdout
  0000                00147         extern _AN0String
  0000                00148         extern _AppConfig
  0000                00149         extern _activeUDPSocket
  0000                00150         extern _UDPSocketInfo
  0000                00151         extern _UDPTxCount
  0000                00152         extern _UDPRxCount
  0000                00153         extern _MAADR5
  0000                00154         extern _MAADR6
  0000                00155         extern _MAADR3
  0000                00156         extern _MAADR4
  0000                00157         extern _MAADR1
  0000                00158         extern _MAADR2
  0000                00159         extern _EBSTSD
gpasm-1.2.0 #980 (Oct 17 2013) Objects/LCDBlo   10-25-2013  14:19:33        PAGE  4


LOC  OBJECT CODE     LINE SOURCE TEXT
  VALUE

  0000                00160         extern _EBSTCON
  0000                00161         extern _EBSTCS
  0000                00162         extern _EBSTCSL
  0000                00163         extern _EBSTCSH
  0000                00164         extern _MISTAT
  0000                00165         extern _EFLOCON
  0000                00166         extern _EPAUS
  0000                00167         extern _EPAUSL
  0000                00168         extern _EPAUSH
  0000                00169         extern _MACON1
  0000                00170         extern _MACON2
  0000                00171         extern _MACON3
  0000                00172         extern _MACON4
  0000                00173         extern _MABBIPG
  0000                00174         extern _MAIPG
  0000                00175         extern _MAIPGL
  0000                00176         extern _MAIPGH
  0000                00177         extern _MACLCON1
  0000                00178         extern _MACLCON2
  0000                00179         extern _MAMXFL
  0000                00180         extern _MAMXFLL
  0000                00181         extern _MAMXFLH
  0000                00182         extern _MICON
  0000                00183         extern _MICMD
  0000                00184         extern _MIREGADR
  0000                00185         extern _MIWR
  0000                00186         extern _MIWRL
  0000                00187         extern _MIWRH
  0000                00188         extern _MIRD
  0000                00189         extern _MIRDL
  0000                00190         extern _MIRDH
  0000                00191         extern _EHT0
  0000                00192         extern _EHT1
  0000                00193         extern _EHT2
  0000                00194         extern _EHT3
  0000                00195         extern _EHT4
  0000                00196         extern _EHT5
  0000                00197         extern _EHT6
  0000                00198         extern _EHT7
  0000                00199         extern _EPMM0
  0000                00200         extern _EPMM1
  0000                00201         extern _EPMM2
  0000                00202         extern _EPMM3
  0000                00203         extern _EPMM4
  0000                00204         extern _EPMM5
  0000                00205         extern _EPMM6
  0000                00206         extern _EPMM7
  0000                00207         extern _EPMCS
  0000                00208         extern _EPMCSL
  0000                00209         extern _EPMCSH
  0000                00210         extern _EPMO
  0000                00211         extern _EPMOL
  0000                00212         extern _EPMOH
gpasm-1.2.0 #980 (Oct 17 2013) Objects/LCDBlo   10-25-2013  14:19:33        PAGE  5


LOC  OBJECT CODE     LINE SOURCE TEXT
  VALUE

  0000                00213         extern _EWOLIE
  0000                00214         extern _EWOLIR
  0000                00215         extern _ERXFCON
  0000                00216         extern _EPKTCNT
  0000                00217         extern _EWRPT
  0000                00218         extern _EWRPTL
  0000                00219         extern _EWRPTH
  0000                00220         extern _ETXST
  0000                00221         extern _ETXSTL
  0000                00222         extern _ETXSTH
  0000                00223         extern _ETXND
  0000                00224         extern _ETXNDL
  0000                00225         extern _ETXNDH
  0000                00226         extern _ERXST
  0000                00227         extern _ERXSTL
  0000                00228         extern _ERXSTH
  0000                00229         extern _ERXND
  0000                00230         extern _ERXNDL
  0000                00231         extern _ERXNDH
  0000                00232         extern _ERXRDPT
  0000                00233         extern _ERXRDPTL
  0000                00234         extern _ERXRDPTH
  0000                00235         extern _ERXWRPT
  0000                00236         extern _ERXWRPTL
  0000                00237         extern _ERXWRPTH
  0000                00238         extern _EDMAST
  0000                00239         extern _EDMASTL
  0000                00240         extern _EDMASTH
  0000                00241         extern _EDMAND
  0000                00242         extern _EDMANDL
  0000                00243         extern _EDMANDH
  0000                00244         extern _EDMADST
  0000                00245         extern _EDMADSTL
  0000                00246         extern _EDMADSTH
  0000                00247         extern _EDMACS
  0000                00248         extern _EDMACSL
  0000                00249         extern _EDMACSH
  0000                00250         extern _EIE
  0000                00251         extern _ESTAT
  0000                00252         extern _ECON2
  0000                00253         extern _EIR
  0000                00254         extern _EDATA
  0000                00255         extern _SSP2CON2
  0000                00256         extern _SSP2CON1
  0000                00257         extern _SSP2STAT
  0000                00258         extern _SSP2ADD
  0000                00259         extern _SSP2BUF
  0000                00260         extern _ECCP2DEL
  0000                00261         extern _ECCP2AS
  0000                00262         extern _ECCP3DEL
  0000                00263         extern _ECCP3AS
  0000                00264         extern _RCSTA2
  0000                00265         extern _TXSTA2
gpasm-1.2.0 #980 (Oct 17 2013) Objects/LCDBlo   10-25-2013  14:19:33        PAGE  6


LOC  OBJECT CODE     LINE SOURCE TEXT
  VALUE

  0000                00266         extern _TXREG2
  0000                00267         extern _RCREG2
  0000                00268         extern _SPBRG2
  0000                00269         extern _CCP5CON
  0000                00270         extern _CCPR5
  0000                00271         extern _CCPR5L
  0000                00272         extern _CCPR5H
  0000                00273         extern _CCP4CON
  0000                00274         extern _CCPR4
  0000                00275         extern _CCPR4L
  0000                00276         extern _CCPR4H
  0000                00277         extern _T4CON
  0000                00278         extern _PR4
  0000                00279         extern _TMR4
  0000                00280         extern _ECCP1DEL
  0000                00281         extern _ERDPT
  0000                00282         extern _ERDPTL
  0000                00283         extern _ERDPTH
  0000                00284         extern _BAUDCON2
  0000                00285         extern _BAUDCTL2
  0000                00286         extern _SPBRGH2
  0000                00287         extern _BAUDCON
  0000                00288         extern _BAUDCON1
  0000                00289         extern _BAUDCTL
  0000                00290         extern _BAUDCTL1
  0000                00291         extern _SPBRGH
  0000                00292         extern _SPBRGH1
  0000                00293         extern _PORTA
  0000                00294         extern _PORTB
  0000                00295         extern _PORTC
  0000                00296         extern _PORTD
  0000                00297         extern _PORTE
  0000                00298         extern _PORTF
  0000                00299         extern _PORTG
  0000                00300         extern _PORTH
  0000                00301         extern _PORTJ
  0000                00302         extern _LATA
  0000                00303         extern _LATB
  0000                00304         extern _LATC
  0000                00305         extern _LATD
  0000                00306         extern _LATE
  0000                00307         extern _LATF
  0000                00308         extern _LATG
  0000                00309         extern _LATH
  0000                00310         extern _LATJ
  0000                00311         extern _DDRA
  0000                00312         extern _TRISA
  0000                00313         extern _DDRB
  0000                00314         extern _TRISB
  0000                00315         extern _DDRC
  0000                00316         extern _TRISC
  0000                00317         extern _DDRD
  0000                00318         extern _TRISD
gpasm-1.2.0 #980 (Oct 17 2013) Objects/LCDBlo   10-25-2013  14:19:33        PAGE  7


LOC  OBJECT CODE     LINE SOURCE TEXT
  VALUE

  0000                00319         extern _DDRE
  0000                00320         extern _TRISE
  0000                00321         extern _DDRF
  0000                00322         extern _TRISF
  0000                00323         extern _DDRG
  0000                00324         extern _TRISG
  0000                00325         extern _DDRH
  0000                00326         extern _TRISH
  0000                00327         extern _DDRJ
  0000                00328         extern _TRISJ
  0000                00329         extern _OSCTUNE
  0000                00330         extern _MEMCON
  0000                00331         extern _PIE1
  0000                00332         extern _PIR1
  0000                00333         extern _IPR1
  0000                00334         extern _PIE2
  0000                00335         extern _PIR2
  0000                00336         extern _IPR2
  0000                00337         extern _PIE3
  0000                00338         extern _PIR3
  0000                00339         extern _IPR3
  0000                00340         extern _EECON1
  0000                00341         extern _EECON2
  0000                00342         extern _RCSTA
  0000                00343         extern _RCSTA1
  0000                00344         extern _TXSTA
  0000                00345         extern _TXSTA1
  0000                00346         extern _TXREG
  0000                00347         extern _TXREG1
  0000                00348         extern _RCREG
  0000                00349         extern _RCREG1
  0000                00350         extern _SPBRG
  0000                00351         extern _SPBRG1
  0000                00352         extern _PSPCON
  0000                00353         extern _T3CON
  0000                00354         extern _TMR3L
  0000                00355         extern _TMR3H
  0000                00356         extern _CMCON
  0000                00357         extern _CVRCON
  0000                00358         extern _ECCP1AS
  0000                00359         extern _CCP3CON
  0000                00360         extern _ECCP3CON
  0000                00361         extern _CCPR3
  0000                00362         extern _CCPR3L
  0000                00363         extern _CCPR3H
  0000                00364         extern _CCP2CON
  0000                00365         extern _ECCP2CON
  0000                00366         extern _CCPR2
  0000                00367         extern _CCPR2L
  0000                00368         extern _CCPR2H
  0000                00369         extern _CCP1CON
  0000                00370         extern _ECCP1CON
  0000                00371         extern _CCPR1
gpasm-1.2.0 #980 (Oct 17 2013) Objects/LCDBlo   10-25-2013  14:19:33        PAGE  8


LOC  OBJECT CODE     LINE SOURCE TEXT
  VALUE

  0000                00372         extern _CCPR1L
  0000                00373         extern _CCPR1H
  0000                00374         extern _ADCON2
  0000                00375         extern _ADCON1
  0000                00376         extern _ADCON0
  0000                00377         extern _ADRES
  0000                00378         extern _ADRESL
  0000                00379         extern _ADRESH
  0000                00380         extern _SSP1CON2
  0000                00381         extern _SSPCON2
  0000                00382         extern _SSP1CON1
  0000                00383         extern _SSPCON1
  0000                00384         extern _SSP1STAT
  0000                00385         extern _SSPSTAT
  0000                00386         extern _SSP1ADD
  0000                00387         extern _SSPADD
  0000                00388         extern _SSP1BUF
  0000                00389         extern _SSPBUF
  0000                00390         extern _T2CON
  0000                00391         extern _PR2
  0000                00392         extern _TMR2
  0000                00393         extern _T1CON
  0000                00394         extern _TMR1L
  0000                00395         extern _TMR1H
  0000                00396         extern _RCON
  0000                00397         extern _WDTCON
  0000                00398         extern _ECON1
  0000                00399         extern _OSCCON
  0000                00400         extern _T0CON
  0000                00401         extern _TMR0L
  0000                00402         extern _TMR0H
  0000                00403         extern _STATUS
  0000                00404         extern _FSR2L
  0000                00405         extern _FSR2H
  0000                00406         extern _PLUSW2
  0000                00407         extern _PREINC2
  0000                00408         extern _POSTDEC2
  0000                00409         extern _POSTINC2
  0000                00410         extern _INDF2
  0000                00411         extern _BSR
  0000                00412         extern _FSR1L
  0000                00413         extern _FSR1H
  0000                00414         extern _PLUSW1
  0000                00415         extern _PREINC1
  0000                00416         extern _POSTDEC1
  0000                00417         extern _POSTINC1
  0000                00418         extern _INDF1
  0000                00419         extern _WREG
  0000                00420         extern _FSR0L
  0000                00421         extern _FSR0H
  0000                00422         extern _PLUSW0
  0000                00423         extern _PREINC0
  0000                00424         extern _POSTDEC0
gpasm-1.2.0 #980 (Oct 17 2013) Objects/LCDBlo   10-25-2013  14:19:33        PAGE  9


LOC  OBJECT CODE     LINE SOURCE TEXT
  VALUE

  0000                00425         extern _POSTINC0
  0000                00426         extern _INDF0
  0000                00427         extern _INTCON3
  0000                00428         extern _INTCON2
  0000                00429         extern _INTCON
  0000                00430         extern _PROD
  0000                00431         extern _PRODL
  0000                00432         extern _PRODH
  0000                00433         extern _TABLAT
  0000                00434         extern _TBLPTR
  0000                00435         extern _TBLPTRL
  0000                00436         extern _TBLPTRH
  0000                00437         extern _TBLPTRU
  0000                00438         extern _PC
  0000                00439         extern _PCL
  0000                00440         extern _PCLATH
  0000                00441         extern _PCLATU
  0000                00442         extern _STKPTR
  0000                00443         extern _TOS
  0000                00444         extern _TOSL
  0000                00445         extern _TOSH
  0000                00446         extern _TOSU
  0000                00447         extern _memset
                      00448 ;--------------------------------------------------------
                      00449 ;       Equates to used internal registers
                      00450 ;--------------------------------------------------------
  00000FD8            00451 STATUS  equ     0xfd8
  00000FE8            00452 WREG    equ     0xfe8
  00000FE9            00453 FSR0L   equ     0xfe9
  00000FEA            00454 FSR0H   equ     0xfea
  00000FE1            00455 FSR1L   equ     0xfe1
  00000FD9            00456 FSR2L   equ     0xfd9
  00000FEF            00457 INDF0   equ     0xfef
  00000FE5            00458 POSTDEC1        equ     0xfe5
  00000FE4            00459 PREINC1 equ     0xfe4
  00000FDB            00460 PLUSW2  equ     0xfdb
  00000FF4            00461 PRODH   equ     0xff4
                      00462 
                      00463 
                      00464 ; Internal registers
                      00465 .registers      udata_ovr       0x0000
000000                00466 r0x00   res     1
000001                00467 r0x01   res     1
000002                00468 r0x02   res     1
000003                00469 r0x03   res     1
000004                00470 r0x04   res     1
000005                00471 r0x05   res     1
000006                00472 r0x06   res     1
000007                00473 r0x07   res     1
000008                00474 r0x08   res     1
                      00475 
                      00476 udata_LCDBlocking_0     udata
000000                00477 _LCDText        res     33
gpasm-1.2.0 #980 (Oct 17 2013) Objects/LCDBlo   10-25-2013  14:19:33        PAGE 10


LOC  OBJECT CODE     LINE SOURCE TEXT
  VALUE

                      00478 
                      00479 ;--------------------------------------------------------
                      00480 ; global & static initialisations
                      00481 ;--------------------------------------------------------
                      00482 ; I code from now on!
                      00483 ; ; Starting pCode block
                      00484 S_LCDBlocking__LCDErase code
000000                00485 _LCDErase:
                      00486 ;       .line   392; TCPIP_Stack/LCDBlocking.c  void LCDErase(void)
000000 CFD9 FFE5      00487         MOVFF   FSR2L, POSTDEC1
000004 CFE1 FFD9      00488         MOVFF   FSR1L, FSR2L
000008 C??? F???      00489         MOVFF   r0x00, POSTDEC1
00000C C??? F???      00490         MOVFF   r0x01, POSTDEC1
000010 C??? F???      00491         MOVFF   r0x02, POSTDEC1
000014 C??? F???      00492         MOVFF   r0x03, POSTDEC1
000018 C??? F???      00493         MOVFF   r0x04, POSTDEC1
00001C C??? F???      00494         MOVFF   r0x05, POSTDEC1
000020 C??? F???      00495         MOVFF   r0x06, POSTDEC1
000024 C??? F???      00496         MOVFF   r0x07, POSTDEC1
                      00497 ;       .line   395; TCPIP_Stack/LCDBlocking.c  LCDWrite(0, 0x01);
000028 0E01           00498         MOVLW   0x01
00002A 6EE5           00499         MOVWF   POSTDEC1
00002C 0E00           00500         MOVLW   0x00
00002E 6EE5           00501         MOVWF   POSTDEC1
000030 EC?? F0??      00502         CALL    _LCDWrite
000034 0E02           00503         MOVLW   0x02
000036 26E1           00504         ADDWF   FSR1L, F
                      00505 ;       .line   396; TCPIP_Stack/LCDBlocking.c  DelayMs(2);
000038 0E48           00506         MOVLW   0x48
00003A 6E??           00507         MOVWF   r0x00
00003C 0E0D           00508         MOVLW   0x0d
00003E 6E??           00509         MOVWF   r0x01
000040 6A??           00510         CLRF    r0x02
000042 6A??           00511         CLRF    r0x03
000044                00512 _00305_DS_:
000044 C??? F???      00513         MOVFF   r0x00, r0x04
000048 C??? F???      00514         MOVFF   r0x01, r0x05
00004C C??? F???      00515         MOVFF   r0x02, r0x06
000050 C??? F???      00516         MOVFF   r0x03, r0x07
000054 0EFF           00517         MOVLW   0xff
000056 26??           00518         ADDWF   r0x00, F
000058 0EFF           00519         MOVLW   0xff
00005A 22??           00520         ADDWFC  r0x01, F
00005C 0EFF           00521         MOVLW   0xff
00005E 22??           00522         ADDWFC  r0x02, F
000060 0EFF           00523         MOVLW   0xff
000062 22??           00524         ADDWFC  r0x03, F
000064 50??           00525         MOVF    r0x04, W
000066 10??           00526         IORWF   r0x05, W
000068 10??           00527         IORWF   r0x06, W
00006A 10??           00528         IORWF   r0x07, W
00006C E1??           00529         BNZ     _00305_DS_
                      00530 ;       .line   399; TCPIP_Stack/LCDBlocking.c  memset(LCDText, ' ', 32);
gpasm-1.2.0 #980 (Oct 17 2013) Objects/LCDBlo   10-25-2013  14:19:33        PAGE 11


LOC  OBJECT CODE     LINE SOURCE TEXT
  VALUE

00006E 0E00           00531         MOVLW   0x00
000070 6EE5           00532         MOVWF   POSTDEC1
000072 0E20           00533         MOVLW   0x20
000074 6EE5           00534         MOVWF   POSTDEC1
000076 0E20           00535         MOVLW   0x20
000078 6EE5           00536         MOVWF   POSTDEC1
00007A 0E??           00537         MOVLW   HIGH(_LCDText)
00007C 6EE5           00538         MOVWF   POSTDEC1
00007E 0E??           00539         MOVLW   LOW(_LCDText)
000080 6EE5           00540         MOVWF   POSTDEC1
000082 EC?? F0??      00541         CALL    _memset
000086 0E05           00542         MOVLW   0x05
000088 26E1           00543         ADDWF   FSR1L, F
00008A CFE4 F000      00544         MOVFF   PREINC1, r0x07
00008E CFE4 F000      00545         MOVFF   PREINC1, r0x06
000092 CFE4 F000      00546         MOVFF   PREINC1, r0x05
000096 CFE4 F000      00547         MOVFF   PREINC1, r0x04
00009A CFE4 F000      00548         MOVFF   PREINC1, r0x03
00009E CFE4 F000      00549         MOVFF   PREINC1, r0x02
0000A2 CFE4 F000      00550         MOVFF   PREINC1, r0x01
0000A6 CFE4 F000      00551         MOVFF   PREINC1, r0x00
0000AA CFE4 FFD9      00552         MOVFF   PREINC1, FSR2L
0000AE 0012           00553         RETURN  
                      00554 
                      00555 ; ; Starting pCode block
                      00556 S_LCDBlocking__LCDUpdate        code
000000                00557 _LCDUpdate:
                      00558 ;       .line   332; TCPIP_Stack/LCDBlocking.c  void LCDUpdate(void)
000000 CFD9 FFE5      00559         MOVFF   FSR2L, POSTDEC1
000004 CFE1 FFD9      00560         MOVFF   FSR1L, FSR2L
000008 C??? F???      00561         MOVFF   r0x00, POSTDEC1
00000C C??? F???      00562         MOVFF   r0x01, POSTDEC1
000010 C??? F???      00563         MOVFF   r0x02, POSTDEC1
000014 C??? F???      00564         MOVFF   r0x03, POSTDEC1
000018 C??? F???      00565         MOVFF   r0x04, POSTDEC1
00001C C??? F???      00566         MOVFF   r0x05, POSTDEC1
000020 C??? F???      00567         MOVFF   r0x06, POSTDEC1
000024 C??? F???      00568         MOVFF   r0x07, POSTDEC1
000028 C??? F???      00569         MOVFF   r0x08, POSTDEC1
                      00570 ;       .line   337; TCPIP_Stack/LCDBlocking.c  LCDWrite(0, 0x02);
00002C 0E02           00571         MOVLW   0x02
00002E 6EE5           00572         MOVWF   POSTDEC1
000030 0E00           00573         MOVLW   0x00
000032 6EE5           00574         MOVWF   POSTDEC1
000034 EC?? F0??      00575         CALL    _LCDWrite
000038 0E02           00576         MOVLW   0x02
00003A 26E1           00577         ADDWF   FSR1L, F
                      00578 ;       .line   338; TCPIP_Stack/LCDBlocking.c  DelayMs(2);
00003C 0E48           00579         MOVLW   0x48
00003E 6E??           00580         MOVWF   r0x00
000040 0E0D           00581         MOVLW   0x0d
000042 6E??           00582         MOVWF   r0x01
000044 6A??           00583         CLRF    r0x02
gpasm-1.2.0 #980 (Oct 17 2013) Objects/LCDBlo   10-25-2013  14:19:33        PAGE 12


LOC  OBJECT CODE     LINE SOURCE TEXT
  VALUE

000046 6A??           00584         CLRF    r0x03
000048                00585 _00225_DS_:
000048 C??? F???      00586         MOVFF   r0x00, r0x04
00004C C??? F???      00587         MOVFF   r0x01, r0x05
000050 C??? F???      00588         MOVFF   r0x02, r0x06
000054 C??? F???      00589         MOVFF   r0x03, r0x07
000058 0EFF           00590         MOVLW   0xff
00005A 26??           00591         ADDWF   r0x00, F
00005C 0EFF           00592         MOVLW   0xff
00005E 22??           00593         ADDWFC  r0x01, F
000060 0EFF           00594         MOVLW   0xff
000062 22??           00595         ADDWFC  r0x02, F
000064 0EFF           00596         MOVLW   0xff
000066 22??           00597         ADDWFC  r0x03, F
000068 50??           00598         MOVF    r0x04, W
00006A 10??           00599         IORWF   r0x05, W
00006C 10??           00600         IORWF   r0x06, W
00006E 10??           00601         IORWF   r0x07, W
000070 E1??           00602         BNZ     _00225_DS_
                      00603 ;       .line   341; TCPIP_Stack/LCDBlocking.c  for(i = 0; i < 16u; i++)
000072 6A??           00604         CLRF    r0x00
000074                00605 _00257_DS_:
000074 C??? F???      00606         MOVFF   r0x00, r0x01
000078 6A??           00607         CLRF    r0x02
00007A 0E00           00608         MOVLW   0x00
00007C 5C??           00609         SUBWF   r0x02, W
00007E E1??           00610         BNZ     _00297_DS_
000080 0E10           00611         MOVLW   0x10
000082 5C??           00612         SUBWF   r0x01, W
000084                00613 _00297_DS_:
000084 B0D8           00614         BTFSC   STATUS, 0
000086 D???           00615         BRA     _00260_DS_
                      00616 ;       .line   345; TCPIP_Stack/LCDBlocking.c  if(LCDText[i] == 0u)
000088 0E??           00617         MOVLW   LOW(_LCDText)
00008A 24??           00618         ADDWF   r0x00, W
00008C 6E??           00619         MOVWF   r0x01
00008E 6A??           00620         CLRF    r0x02
000090 0E??           00621         MOVLW   HIGH(_LCDText)
000092 22??           00622         ADDWFC  r0x02, F
000094 C??? F???      00623         MOVFF   r0x01, FSR0L
000098 C??? F???      00624         MOVFF   r0x02, FSR0H
00009C CFEF F000      00625         MOVFF   INDF0, r0x01
0000A0 50??           00626         MOVF    r0x01, W
0000A2 E1??           00627         BNZ     _00232_DS_
                      00628 ;       .line   347; TCPIP_Stack/LCDBlocking.c  for(j=i; j < 16u; j++)
0000A4 C??? F???      00629         MOVFF   r0x00, r0x01
0000A8                00630 _00253_DS_:
0000A8 C??? F???      00631         MOVFF   r0x01, r0x02
0000AC 6A??           00632         CLRF    r0x03
0000AE 0E00           00633         MOVLW   0x00
0000B0 5C??           00634         SUBWF   r0x03, W
0000B2 E1??           00635         BNZ     _00298_DS_
0000B4 0E10           00636         MOVLW   0x10
gpasm-1.2.0 #980 (Oct 17 2013) Objects/LCDBlo   10-25-2013  14:19:33        PAGE 13


LOC  OBJECT CODE     LINE SOURCE TEXT
  VALUE

0000B6 5C??           00637         SUBWF   r0x02, W
0000B8                00638 _00298_DS_:
0000B8 E2??           00639         BC      _00232_DS_
                      00640 ;       .line   349; TCPIP_Stack/LCDBlocking.c  LCDText[j] = ' ';
0000BA 0E??           00641         MOVLW   LOW(_LCDText)
0000BC 24??           00642         ADDWF   r0x01, W
0000BE 6E??           00643         MOVWF   r0x02
0000C0 6A??           00644         CLRF    r0x03
0000C2 0E??           00645         MOVLW   HIGH(_LCDText)
0000C4 22??           00646         ADDWFC  r0x03, F
0000C6 C??? F???      00647         MOVFF   r0x02, FSR0L
0000CA C??? F???      00648         MOVFF   r0x03, FSR0H
0000CE 0E20           00649         MOVLW   0x20
0000D0 6EEF           00650         MOVWF   INDF0
                      00651 ;       .line   347; TCPIP_Stack/LCDBlocking.c  for(j=i; j < 16u; j++)
0000D2 2A??           00652         INCF    r0x01, F
0000D4 D???           00653         BRA     _00253_DS_
0000D6                00654 _00232_DS_:
                      00655 ;       .line   352; TCPIP_Stack/LCDBlocking.c  LCDWrite(1, LCDText[i]);
0000D6 0E??           00656         MOVLW   LOW(_LCDText)
0000D8 24??           00657         ADDWF   r0x00, W
0000DA 6E??           00658         MOVWF   r0x01
0000DC 6A??           00659         CLRF    r0x02
0000DE 0E??           00660         MOVLW   HIGH(_LCDText)
0000E0 22??           00661         ADDWFC  r0x02, F
0000E2 C??? F???      00662         MOVFF   r0x01, FSR0L
0000E6 C??? F???      00663         MOVFF   r0x02, FSR0H
0000EA CFEF F000      00664         MOVFF   INDF0, r0x01
0000EE 50??           00665         MOVF    r0x01, W
0000F0 6EE5           00666         MOVWF   POSTDEC1
0000F2 0E01           00667         MOVLW   0x01
0000F4 6EE5           00668         MOVWF   POSTDEC1
0000F6 EC?? F0??      00669         CALL    _LCDWrite
0000FA 0E02           00670         MOVLW   0x02
0000FC 26E1           00671         ADDWF   FSR1L, F
                      00672 ;       .line   353; TCPIP_Stack/LCDBlocking.c  Delay10us(5);
0000FE 0E55           00673         MOVLW   0x55
000100 6E??           00674         MOVWF   r0x01
000102 6A??           00675         CLRF    r0x02
000104 6A??           00676         CLRF    r0x03
000106 6A??           00677         CLRF    r0x04
000108                00678 _00233_DS_:
000108 C??? F???      00679         MOVFF   r0x01, r0x05
00010C C??? F???      00680         MOVFF   r0x02, r0x06
000110 C??? F???      00681         MOVFF   r0x03, r0x07
000114 C??? F???      00682         MOVFF   r0x04, r0x08
000118 0EFF           00683         MOVLW   0xff
00011A 26??           00684         ADDWF   r0x01, F
00011C 0EFF           00685         MOVLW   0xff
00011E 22??           00686         ADDWFC  r0x02, F
000120 0EFF           00687         MOVLW   0xff
000122 22??           00688         ADDWFC  r0x03, F
000124 0EFF           00689         MOVLW   0xff
gpasm-1.2.0 #980 (Oct 17 2013) Objects/LCDBlo   10-25-2013  14:19:33        PAGE 14


LOC  OBJECT CODE     LINE SOURCE TEXT
  VALUE

000126 22??           00690         ADDWFC  r0x04, F
000128 50??           00691         MOVF    r0x05, W
00012A 10??           00692         IORWF   r0x06, W
00012C 10??           00693         IORWF   r0x07, W
00012E 10??           00694         IORWF   r0x08, W
000130 E1??           00695         BNZ     _00233_DS_
                      00696 ;       .line   341; TCPIP_Stack/LCDBlocking.c  for(i = 0; i < 16u; i++)
000132 2A??           00697         INCF    r0x00, F
000134 D???           00698         BRA     _00257_DS_
000136                00699 _00260_DS_:
                      00700 ;       .line   357; TCPIP_Stack/LCDBlocking.c  LCDWrite(0, 0xC0);
000136 0EC0           00701         MOVLW   0xc0
000138 6EE5           00702         MOVWF   POSTDEC1
00013A 0E00           00703         MOVLW   0x00
00013C 6EE5           00704         MOVWF   POSTDEC1
00013E EC?? F0??      00705         CALL    _LCDWrite
000142 0E02           00706         MOVLW   0x02
000144 26E1           00707         ADDWF   FSR1L, F
                      00708 ;       .line   358; TCPIP_Stack/LCDBlocking.c  Delay10us(5);
000146 0E55           00709         MOVLW   0x55
000148 6E??           00710         MOVWF   r0x00
00014A 6A??           00711         CLRF    r0x01
00014C 6A??           00712         CLRF    r0x02
00014E 6A??           00713         CLRF    r0x03
000150                00714 _00239_DS_:
000150 C??? F???      00715         MOVFF   r0x00, r0x04
000154 C??? F???      00716         MOVFF   r0x01, r0x05
000158 C??? F???      00717         MOVFF   r0x02, r0x06
00015C C??? F???      00718         MOVFF   r0x03, r0x07
000160 0EFF           00719         MOVLW   0xff
000162 26??           00720         ADDWF   r0x00, F
000164 0EFF           00721         MOVLW   0xff
000166 22??           00722         ADDWFC  r0x01, F
000168 0EFF           00723         MOVLW   0xff
00016A 22??           00724         ADDWFC  r0x02, F
00016C 0EFF           00725         MOVLW   0xff
00016E 22??           00726         ADDWFC  r0x03, F
000170 50??           00727         MOVF    r0x04, W
000172 10??           00728         IORWF   r0x05, W
000174 10??           00729         IORWF   r0x06, W
000176 10??           00730         IORWF   r0x07, W
000178 E1??           00731         BNZ     _00239_DS_
                      00732 ;       .line   361; TCPIP_Stack/LCDBlocking.c  for(i = 16; i < 32u; i++)
00017A 0E10           00733         MOVLW   0x10
00017C 6E??           00734         MOVWF   r0x00
00017E                00735 _00265_DS_:
00017E C??? F???      00736         MOVFF   r0x00, r0x01
000182 6A??           00737         CLRF    r0x02
000184 0E00           00738         MOVLW   0x00
000186 5C??           00739         SUBWF   r0x02, W
000188 E1??           00740         BNZ     _00299_DS_
00018A 0E20           00741         MOVLW   0x20
00018C 5C??           00742         SUBWF   r0x01, W
gpasm-1.2.0 #980 (Oct 17 2013) Objects/LCDBlo   10-25-2013  14:19:33        PAGE 15


LOC  OBJECT CODE     LINE SOURCE TEXT
  VALUE

00018E                00743 _00299_DS_:
00018E B0D8           00744         BTFSC   STATUS, 0
000190 D???           00745         BRA     _00269_DS_
                      00746 ;       .line   365; TCPIP_Stack/LCDBlocking.c  if(LCDText[i] == 0u)
000192 0E??           00747         MOVLW   LOW(_LCDText)
000194 24??           00748         ADDWF   r0x00, W
000196 6E??           00749         MOVWF   r0x01
000198 6A??           00750         CLRF    r0x02
00019A 0E??           00751         MOVLW   HIGH(_LCDText)
00019C 22??           00752         ADDWFC  r0x02, F
00019E C??? F???      00753         MOVFF   r0x01, FSR0L
0001A2 C??? F???      00754         MOVFF   r0x02, FSR0H
0001A6 CFEF F000      00755         MOVFF   INDF0, r0x01
0001AA 50??           00756         MOVF    r0x01, W
0001AC E1??           00757         BNZ     _00246_DS_
                      00758 ;       .line   367; TCPIP_Stack/LCDBlocking.c  for(j=i; j < 32u; j++)
0001AE C??? F???      00759         MOVFF   r0x00, r0x01
0001B2                00760 _00261_DS_:
0001B2 C??? F???      00761         MOVFF   r0x01, r0x02
0001B6 6A??           00762         CLRF    r0x03
0001B8 0E00           00763         MOVLW   0x00
0001BA 5C??           00764         SUBWF   r0x03, W
0001BC E1??           00765         BNZ     _00300_DS_
0001BE 0E20           00766         MOVLW   0x20
0001C0 5C??           00767         SUBWF   r0x02, W
0001C2                00768 _00300_DS_:
0001C2 E2??           00769         BC      _00246_DS_
                      00770 ;       .line   369; TCPIP_Stack/LCDBlocking.c  LCDText[j] = ' ';
0001C4 0E??           00771         MOVLW   LOW(_LCDText)
0001C6 24??           00772         ADDWF   r0x01, W
0001C8 6E??           00773         MOVWF   r0x02
0001CA 6A??           00774         CLRF    r0x03
0001CC 0E??           00775         MOVLW   HIGH(_LCDText)
0001CE 22??           00776         ADDWFC  r0x03, F
0001D0 C??? F???      00777         MOVFF   r0x02, FSR0L
0001D4 C??? F???      00778         MOVFF   r0x03, FSR0H
0001D8 0E20           00779         MOVLW   0x20
0001DA 6EEF           00780         MOVWF   INDF0
                      00781 ;       .line   367; TCPIP_Stack/LCDBlocking.c  for(j=i; j < 32u; j++)
0001DC 2A??           00782         INCF    r0x01, F
0001DE D???           00783         BRA     _00261_DS_
0001E0                00784 _00246_DS_:
                      00785 ;       .line   372; TCPIP_Stack/LCDBlocking.c  LCDWrite(1, LCDText[i]);
0001E0 0E??           00786         MOVLW   LOW(_LCDText)
0001E2 24??           00787         ADDWF   r0x00, W
0001E4 6E??           00788         MOVWF   r0x01
0001E6 6A??           00789         CLRF    r0x02
0001E8 0E??           00790         MOVLW   HIGH(_LCDText)
0001EA 22??           00791         ADDWFC  r0x02, F
0001EC C??? F???      00792         MOVFF   r0x01, FSR0L
0001F0 C??? F???      00793         MOVFF   r0x02, FSR0H
0001F4 CFEF F000      00794         MOVFF   INDF0, r0x01
0001F8 50??           00795         MOVF    r0x01, W
gpasm-1.2.0 #980 (Oct 17 2013) Objects/LCDBlo   10-25-2013  14:19:33        PAGE 16


LOC  OBJECT CODE     LINE SOURCE TEXT
  VALUE

0001FA 6EE5           00796         MOVWF   POSTDEC1
0001FC 0E01           00797         MOVLW   0x01
0001FE 6EE5           00798         MOVWF   POSTDEC1
000200 EC?? F0??      00799         CALL    _LCDWrite
000204 0E02           00800         MOVLW   0x02
000206 26E1           00801         ADDWF   FSR1L, F
                      00802 ;       .line   373; TCPIP_Stack/LCDBlocking.c  Delay10us(5);
000208 0E55           00803         MOVLW   0x55
00020A 6E??           00804         MOVWF   r0x01
00020C 6A??           00805         CLRF    r0x02
00020E 6A??           00806         CLRF    r0x03
000210 6A??           00807         CLRF    r0x04
000212                00808 _00247_DS_:
000212 C??? F???      00809         MOVFF   r0x01, r0x05
000216 C??? F???      00810         MOVFF   r0x02, r0x06
00021A C??? F???      00811         MOVFF   r0x03, r0x07
00021E C??? F???      00812         MOVFF   r0x04, r0x08
000222 0EFF           00813         MOVLW   0xff
000224 26??           00814         ADDWF   r0x01, F
000226 0EFF           00815         MOVLW   0xff
000228 22??           00816         ADDWFC  r0x02, F
00022A 0EFF           00817         MOVLW   0xff
00022C 22??           00818         ADDWFC  r0x03, F
00022E 0EFF           00819         MOVLW   0xff
000230 22??           00820         ADDWFC  r0x04, F
000232 50??           00821         MOVF    r0x05, W
000234 10??           00822         IORWF   r0x06, W
000236 10??           00823         IORWF   r0x07, W
000238 10??           00824         IORWF   r0x08, W
00023A E1??           00825         BNZ     _00247_DS_
                      00826 ;       .line   361; TCPIP_Stack/LCDBlocking.c  for(i = 16; i < 32u; i++)
00023C 2A??           00827         INCF    r0x00, F
00023E D???           00828         BRA     _00265_DS_
000240                00829 _00269_DS_:
000240 CFE4 F000      00830         MOVFF   PREINC1, r0x08
000244 CFE4 F000      00831         MOVFF   PREINC1, r0x07
000248 CFE4 F000      00832         MOVFF   PREINC1, r0x06
00024C CFE4 F000      00833         MOVFF   PREINC1, r0x05
000250 CFE4 F000      00834         MOVFF   PREINC1, r0x04
000254 CFE4 F000      00835         MOVFF   PREINC1, r0x03
000258 CFE4 F000      00836         MOVFF   PREINC1, r0x02
00025C CFE4 F000      00837         MOVFF   PREINC1, r0x01
000260 CFE4 F000      00838         MOVFF   PREINC1, r0x00
000264 CFE4 FFD9      00839         MOVFF   PREINC1, FSR2L
000268 0012           00840         RETURN  
                      00841 
                      00842 ; ; Starting pCode block
                      00843 S_LCDBlocking__LCDInit  code
000000                00844 _LCDInit:
                      00845 ;       .line   207; TCPIP_Stack/LCDBlocking.c  void LCDInit(void)
000000 CFD9 FFE5      00846         MOVFF   FSR2L, POSTDEC1
000004 CFE1 FFD9      00847         MOVFF   FSR1L, FSR2L
000008 C??? F???      00848         MOVFF   r0x00, POSTDEC1
gpasm-1.2.0 #980 (Oct 17 2013) Objects/LCDBlo   10-25-2013  14:19:33        PAGE 17


LOC  OBJECT CODE     LINE SOURCE TEXT
  VALUE

00000C C??? F???      00849         MOVFF   r0x01, POSTDEC1
000010 C??? F???      00850         MOVFF   r0x02, POSTDEC1
000014 C??? F???      00851         MOVFF   r0x03, POSTDEC1
000018 C??? F???      00852         MOVFF   r0x04, POSTDEC1
00001C C??? F???      00853         MOVFF   r0x05, POSTDEC1
000020 C??? F???      00854         MOVFF   r0x06, POSTDEC1
000024 C??? F???      00855         MOVFF   r0x07, POSTDEC1
000028 C??? F???      00856         MOVFF   r0x08, POSTDEC1
                      00857 ;       .line   211; TCPIP_Stack/LCDBlocking.c  memset(LCDText, ' ', sizeof(LCDText)-1);
00002C 0E00           00858         MOVLW   0x00
00002E 6EE5           00859         MOVWF   POSTDEC1
000030 0E20           00860         MOVLW   0x20
000032 6EE5           00861         MOVWF   POSTDEC1
000034 0E20           00862         MOVLW   0x20
000036 6EE5           00863         MOVWF   POSTDEC1
000038 0E??           00864         MOVLW   HIGH(_LCDText)
00003A 6EE5           00865         MOVWF   POSTDEC1
00003C 0E??           00866         MOVLW   LOW(_LCDText)
00003E 6EE5           00867         MOVWF   POSTDEC1
000040 EC?? F0??      00868         CALL    _memset
000044 0E05           00869         MOVLW   0x05
000046 26E1           00870         ADDWF   FSR1L, F
000048 ????           00871         BANKSEL (_LCDText + 32)
                      00872 ;       .line   212; TCPIP_Stack/LCDBlocking.c  LCDText[sizeof(LCDText)-1] = 0;
00004A 6B??           00873         CLRF    (_LCDText + 32), B
                      00874 ;       .line   215; TCPIP_Stack/LCDBlocking.c  LCD_E_IO = 0;
00004C 90??           00875         BCF     _LATHbits, 0
                      00876 ;       .line   216; TCPIP_Stack/LCDBlocking.c  LCD_RD_WR_IO = 0;
00004E 92??           00877         BCF     _LATHbits, 1
                      00878 ;       .line   220; TCPIP_Stack/LCDBlocking.c  LCD_DATA_TRIS = 0x00;
000050 6A??           00879         CLRF    _TRISE
                      00880 ;       .line   233; TCPIP_Stack/LCDBlocking.c  LCD_RD_WR_TRIS = 0;
000052 92??           00881         BCF     _TRISHbits, 1
                      00882 ;       .line   234; TCPIP_Stack/LCDBlocking.c  LCD_RS_TRIS = 0;
000054 94??           00883         BCF     _TRISHbits, 2
                      00884 ;       .line   235; TCPIP_Stack/LCDBlocking.c  LCD_E_TRIS = 0;
000056 90??           00885         BCF     _TRISHbits, 0
                      00886 ;       .line   239; TCPIP_Stack/LCDBlocking.c  DelayMs(40);
000058 0EA0           00887         MOVLW   0xa0
00005A 6E??           00888         MOVWF   r0x00
00005C 0E09           00889         MOVLW   0x09
00005E 6E??           00890         MOVWF   r0x01
000060 0E01           00891         MOVLW   0x01
000062 6E??           00892         MOVWF   r0x02
000064 6A??           00893         CLRF    r0x03
000066                00894 _00143_DS_:
000066 C??? F???      00895         MOVFF   r0x00, r0x04
00006A C??? F???      00896         MOVFF   r0x01, r0x05
00006E C??? F???      00897         MOVFF   r0x02, r0x06
000072 C??? F???      00898         MOVFF   r0x03, r0x07
000076 0EFF           00899         MOVLW   0xff
000078 26??           00900         ADDWF   r0x00, F
00007A 0EFF           00901         MOVLW   0xff
gpasm-1.2.0 #980 (Oct 17 2013) Objects/LCDBlo   10-25-2013  14:19:33        PAGE 18


LOC  OBJECT CODE     LINE SOURCE TEXT
  VALUE

00007C 22??           00902         ADDWFC  r0x01, F
00007E 0EFF           00903         MOVLW   0xff
000080 22??           00904         ADDWFC  r0x02, F
000082 0EFF           00905         MOVLW   0xff
000084 22??           00906         ADDWFC  r0x03, F
000086 50??           00907         MOVF    r0x04, W
000088 10??           00908         IORWF   r0x05, W
00008A 10??           00909         IORWF   r0x06, W
00008C 10??           00910         IORWF   r0x07, W
00008E E1??           00911         BNZ     _00143_DS_
                      00912 ;       .line   247; TCPIP_Stack/LCDBlocking.c  LCD_RS_IO = 0;
000090 94??           00913         BCF     _LATHbits, 2
                      00914 ;       .line   249; TCPIP_Stack/LCDBlocking.c  LCD_DATA_IO = 0x03;
000092 0E03           00915         MOVLW   0x03
000094 6E??           00916         MOVWF   _LATE
000096 0000           00917         nop 
000098 0000           00918         nop 
                      00919 ;       .line   264; TCPIP_Stack/LCDBlocking.c  for(i = 0; i < 3u; i++)
00009A 6A??           00920         CLRF    r0x00
00009C                00921 _00191_DS_:
00009C C??? F???      00922         MOVFF   r0x00, r0x01
0000A0 6A??           00923         CLRF    r0x02
0000A2 0E00           00924         MOVLW   0x00
0000A4 5C??           00925         SUBWF   r0x02, W
0000A6 E1??           00926         BNZ     _00220_DS_
0000A8 0E03           00927         MOVLW   0x03
0000AA 5C??           00928         SUBWF   r0x01, W
0000AC                00929 _00220_DS_:
0000AC E2??           00930         BC      _00194_DS_
                      00931 ;       .line   266; TCPIP_Stack/LCDBlocking.c  LCD_E_IO = 1;
0000AE 80??           00932         BSF     _LATHbits, 0
                      00933 ;       .line   267; TCPIP_Stack/LCDBlocking.c  Delay10us(1);           // Wait E Pulse width time (min 
                            230ns)
0000B0 0E11           00934         MOVLW   0x11
0000B2 6E??           00935         MOVWF   r0x01
0000B4 6A??           00936         CLRF    r0x02
0000B6 6A??           00937         CLRF    r0x03
0000B8 6A??           00938         CLRF    r0x04
0000BA                00939 _00155_DS_:
0000BA C??? F???      00940         MOVFF   r0x01, r0x05
0000BE C??? F???      00941         MOVFF   r0x02, r0x06
0000C2 C??? F???      00942         MOVFF   r0x03, r0x07
0000C6 C??? F???      00943         MOVFF   r0x04, r0x08
0000CA 0EFF           00944         MOVLW   0xff
0000CC 26??           00945         ADDWF   r0x01, F
0000CE 0EFF           00946         MOVLW   0xff
0000D0 22??           00947         ADDWFC  r0x02, F
0000D2 0EFF           00948         MOVLW   0xff
0000D4 22??           00949         ADDWFC  r0x03, F
0000D6 0EFF           00950         MOVLW   0xff
0000D8 22??           00951         ADDWFC  r0x04, F
0000DA 50??           00952         MOVF    r0x05, W
0000DC 10??           00953         IORWF   r0x06, W
gpasm-1.2.0 #980 (Oct 17 2013) Objects/LCDBlo   10-25-2013  14:19:33        PAGE 19


LOC  OBJECT CODE     LINE SOURCE TEXT
  VALUE

0000DE 10??           00954         IORWF   r0x07, W
0000E0 10??           00955         IORWF   r0x08, W
0000E2 E1??           00956         BNZ     _00155_DS_
                      00957 ;       .line   268; TCPIP_Stack/LCDBlocking.c  LCD_E_IO = 0;
0000E4 90??           00958         BCF     _LATHbits, 0
                      00959 ;       .line   269; TCPIP_Stack/LCDBlocking.c  DelayMs(2);
0000E6 0E48           00960         MOVLW   0x48
0000E8 6E??           00961         MOVWF   r0x01
0000EA 0E0D           00962         MOVLW   0x0d
0000EC 6E??           00963         MOVWF   r0x02
0000EE 6A??           00964         CLRF    r0x03
0000F0 6A??           00965         CLRF    r0x04
0000F2                00966 _00161_DS_:
0000F2 C??? F???      00967         MOVFF   r0x01, r0x05
0000F6 C??? F???      00968         MOVFF   r0x02, r0x06
0000FA C??? F???      00969         MOVFF   r0x03, r0x07
0000FE C??? F???      00970         MOVFF   r0x04, r0x08
000102 0EFF           00971         MOVLW   0xff
000104 26??           00972         ADDWF   r0x01, F
000106 0EFF           00973         MOVLW   0xff
000108 22??           00974         ADDWFC  r0x02, F
00010A 0EFF           00975         MOVLW   0xff
00010C 22??           00976         ADDWFC  r0x03, F
00010E 0EFF           00977         MOVLW   0xff
000110 22??           00978         ADDWFC  r0x04, F
000112 50??           00979         MOVF    r0x05, W
000114 10??           00980         IORWF   r0x06, W
000116 10??           00981         IORWF   r0x07, W
000118 10??           00982         IORWF   r0x08, W
00011A E1??           00983         BNZ     _00161_DS_
                      00984 ;       .line   264; TCPIP_Stack/LCDBlocking.c  for(i = 0; i < 3u; i++)
00011C 2A??           00985         INCF    r0x00, F
00011E D???           00986         BRA     _00191_DS_
000120                00987 _00194_DS_:
                      00988 ;       .line   295; TCPIP_Stack/LCDBlocking.c  LCDWrite(0, 0x38);
000120 0E38           00989         MOVLW   0x38
000122 6EE5           00990         MOVWF   POSTDEC1
000124 0E00           00991         MOVLW   0x00
000126 6EE5           00992         MOVWF   POSTDEC1
000128 EC?? F0??      00993         CALL    _LCDWrite
00012C 0E02           00994         MOVLW   0x02
00012E 26E1           00995         ADDWF   FSR1L, F
                      00996 ;       .line   297; TCPIP_Stack/LCDBlocking.c  Delay10us(5);
000130 0E55           00997         MOVLW   0x55
000132 6E??           00998         MOVWF   r0x00
000134 6A??           00999         CLRF    r0x01
000136 6A??           01000         CLRF    r0x02
000138 6A??           01001         CLRF    r0x03
00013A                01002 _00167_DS_:
00013A C??? F???      01003         MOVFF   r0x00, r0x04
00013E C??? F???      01004         MOVFF   r0x01, r0x05
000142 C??? F???      01005         MOVFF   r0x02, r0x06
000146 C??? F???      01006         MOVFF   r0x03, r0x07
gpasm-1.2.0 #980 (Oct 17 2013) Objects/LCDBlo   10-25-2013  14:19:33        PAGE 20


LOC  OBJECT CODE     LINE SOURCE TEXT
  VALUE

00014A 0EFF           01007         MOVLW   0xff
00014C 26??           01008         ADDWF   r0x00, F
00014E 0EFF           01009         MOVLW   0xff
000150 22??           01010         ADDWFC  r0x01, F
000152 0EFF           01011         MOVLW   0xff
000154 22??           01012         ADDWFC  r0x02, F
000156 0EFF           01013         MOVLW   0xff
000158 22??           01014         ADDWFC  r0x03, F
00015A 50??           01015         MOVF    r0x04, W
00015C 10??           01016         IORWF   r0x05, W
00015E 10??           01017         IORWF   r0x06, W
000160 10??           01018         IORWF   r0x07, W
000162 E1??           01019         BNZ     _00167_DS_
                      01020 ;       .line   300; TCPIP_Stack/LCDBlocking.c  LCDWrite(0, 0x06);      // Increment after each write, d
                            o not shift
000164 0E06           01021         MOVLW   0x06
000166 6EE5           01022         MOVWF   POSTDEC1
000168 0E00           01023         MOVLW   0x00
00016A 6EE5           01024         MOVWF   POSTDEC1
00016C EC?? F0??      01025         CALL    _LCDWrite
000170 0E02           01026         MOVLW   0x02
000172 26E1           01027         ADDWF   FSR1L, F
                      01028 ;       .line   301; TCPIP_Stack/LCDBlocking.c  Delay10us(5);
000174 0E55           01029         MOVLW   0x55
000176 6E??           01030         MOVWF   r0x00
000178 6A??           01031         CLRF    r0x01
00017A 6A??           01032         CLRF    r0x02
00017C 6A??           01033         CLRF    r0x03
00017E                01034 _00173_DS_:
00017E C??? F???      01035         MOVFF   r0x00, r0x04
000182 C??? F???      01036         MOVFF   r0x01, r0x05
000186 C??? F???      01037         MOVFF   r0x02, r0x06
00018A C??? F???      01038         MOVFF   r0x03, r0x07
00018E 0EFF           01039         MOVLW   0xff
000190 26??           01040         ADDWF   r0x00, F
000192 0EFF           01041         MOVLW   0xff
000194 22??           01042         ADDWFC  r0x01, F
000196 0EFF           01043         MOVLW   0xff
000198 22??           01044         ADDWFC  r0x02, F
00019A 0EFF           01045         MOVLW   0xff
00019C 22??           01046         ADDWFC  r0x03, F
00019E 50??           01047         MOVF    r0x04, W
0001A0 10??           01048         IORWF   r0x05, W
0001A2 10??           01049         IORWF   r0x06, W
0001A4 10??           01050         IORWF   r0x07, W
0001A6 E1??           01051         BNZ     _00173_DS_
                      01052 ;       .line   304; TCPIP_Stack/LCDBlocking.c  LCDWrite(0, 0x0C);      // Turn display on, no cusor, no
                             cursor blink
0001A8 0E0C           01053         MOVLW   0x0c
0001AA 6EE5           01054         MOVWF   POSTDEC1
0001AC 0E00           01055         MOVLW   0x00
0001AE 6EE5           01056         MOVWF   POSTDEC1
0001B0 EC?? F0??      01057         CALL    _LCDWrite
gpasm-1.2.0 #980 (Oct 17 2013) Objects/LCDBlo   10-25-2013  14:19:33        PAGE 21


LOC  OBJECT CODE     LINE SOURCE TEXT
  VALUE

0001B4 0E02           01058         MOVLW   0x02
0001B6 26E1           01059         ADDWF   FSR1L, F
                      01060 ;       .line   305; TCPIP_Stack/LCDBlocking.c  Delay10us(5);
0001B8 0E55           01061         MOVLW   0x55
0001BA 6E??           01062         MOVWF   r0x00
0001BC 6A??           01063         CLRF    r0x01
0001BE 6A??           01064         CLRF    r0x02
0001C0 6A??           01065         CLRF    r0x03
0001C2                01066 _00179_DS_:
0001C2 C??? F???      01067         MOVFF   r0x00, r0x04
0001C6 C??? F???      01068         MOVFF   r0x01, r0x05
0001CA C??? F???      01069         MOVFF   r0x02, r0x06
0001CE C??? F???      01070         MOVFF   r0x03, r0x07
0001D2 0EFF           01071         MOVLW   0xff
0001D4 26??           01072         ADDWF   r0x00, F
0001D6 0EFF           01073         MOVLW   0xff
0001D8 22??           01074         ADDWFC  r0x01, F
0001DA 0EFF           01075         MOVLW   0xff
0001DC 22??           01076         ADDWFC  r0x02, F
0001DE 0EFF           01077         MOVLW   0xff
0001E0 22??           01078         ADDWFC  r0x03, F
0001E2 50??           01079         MOVF    r0x04, W
0001E4 10??           01080         IORWF   r0x05, W
0001E6 10??           01081         IORWF   r0x06, W
0001E8 10??           01082         IORWF   r0x07, W
0001EA E1??           01083         BNZ     _00179_DS_
                      01084 ;       .line   308; TCPIP_Stack/LCDBlocking.c  LCDWrite(0, 0x01);      
0001EC 0E01           01085         MOVLW   0x01
0001EE 6EE5           01086         MOVWF   POSTDEC1
0001F0 0E00           01087         MOVLW   0x00
0001F2 6EE5           01088         MOVWF   POSTDEC1
0001F4 EC?? F0??      01089         CALL    _LCDWrite
0001F8 0E02           01090         MOVLW   0x02
0001FA 26E1           01091         ADDWF   FSR1L, F
                      01092 ;       .line   309; TCPIP_Stack/LCDBlocking.c  DelayMs(2);
0001FC 0E48           01093         MOVLW   0x48
0001FE 6E??           01094         MOVWF   r0x00
000200 0E0D           01095         MOVLW   0x0d
000202 6E??           01096         MOVWF   r0x01
000204 6A??           01097         CLRF    r0x02
000206 6A??           01098         CLRF    r0x03
000208                01099 _00185_DS_:
000208 C??? F???      01100         MOVFF   r0x00, r0x04
00020C C??? F???      01101         MOVFF   r0x01, r0x05
000210 C??? F???      01102         MOVFF   r0x02, r0x06
000214 C??? F???      01103         MOVFF   r0x03, r0x07
000218 0EFF           01104         MOVLW   0xff
00021A 26??           01105         ADDWF   r0x00, F
00021C 0EFF           01106         MOVLW   0xff
00021E 22??           01107         ADDWFC  r0x01, F
000220 0EFF           01108         MOVLW   0xff
000222 22??           01109         ADDWFC  r0x02, F
000224 0EFF           01110         MOVLW   0xff
gpasm-1.2.0 #980 (Oct 17 2013) Objects/LCDBlo   10-25-2013  14:19:33        PAGE 22


LOC  OBJECT CODE     LINE SOURCE TEXT
  VALUE

000226 22??           01111         ADDWFC  r0x03, F
000228 50??           01112         MOVF    r0x04, W
00022A 10??           01113         IORWF   r0x05, W
00022C 10??           01114         IORWF   r0x06, W
00022E 10??           01115         IORWF   r0x07, W
000230 E1??           01116         BNZ     _00185_DS_
000232 CFE4 F000      01117         MOVFF   PREINC1, r0x08
000236 CFE4 F000      01118         MOVFF   PREINC1, r0x07
00023A CFE4 F000      01119         MOVFF   PREINC1, r0x06
00023E CFE4 F000      01120         MOVFF   PREINC1, r0x05
000242 CFE4 F000      01121         MOVFF   PREINC1, r0x04
000246 CFE4 F000      01122         MOVFF   PREINC1, r0x03
00024A CFE4 F000      01123         MOVFF   PREINC1, r0x02
00024E CFE4 F000      01124         MOVFF   PREINC1, r0x01
000252 CFE4 F000      01125         MOVFF   PREINC1, r0x00
000256 CFE4 FFD9      01126         MOVFF   PREINC1, FSR2L
00025A 0012           01127         RETURN  
                      01128 
                      01129 ; ; Starting pCode block
                      01130 S_LCDBlocking__LCDWrite code
000000                01131 _LCDWrite:
                      01132 ;       .line   94; TCPIP_Stack/LCDBlocking.c   static void LCDWrite(BYTE RS, BYTE Data)
000000 CFD9 FFE5      01133         MOVFF   FSR2L, POSTDEC1
000004 CFE1 FFD9      01134         MOVFF   FSR1L, FSR2L
000008 C??? F???      01135         MOVFF   r0x00, POSTDEC1
00000C C??? F???      01136         MOVFF   r0x01, POSTDEC1
000010 0E02           01137         MOVLW   0x02
000012 CFDB F000      01138         MOVFF   PLUSW2, r0x00
000016 0E03           01139         MOVLW   0x03
000018 CFDB F000      01140         MOVFF   PLUSW2, r0x01
                      01141 ;       .line   97; TCPIP_Stack/LCDBlocking.c   LCD_DATA_TRIS = 0x00;
00001C 6A??           01142         CLRF    _TRISE
                      01143 ;       .line   110; TCPIP_Stack/LCDBlocking.c  LCD_RS_TRIS = 0;
00001E 94??           01144         BCF     _TRISHbits, 2
                      01145 ;       .line   111; TCPIP_Stack/LCDBlocking.c  LCD_RD_WR_TRIS = 0;
000020 92??           01146         BCF     _TRISHbits, 1
                      01147 ;       .line   112; TCPIP_Stack/LCDBlocking.c  LCD_RD_WR_IO = 0;
000022 92??           01148         BCF     _LATHbits, 1
                      01149 ;       .line   113; TCPIP_Stack/LCDBlocking.c  LCD_RS_IO = RS;
000024 50??           01150         MOVF    r0x00, W
000026 0B01           01151         ANDLW   0x01
000028 44E8           01152         RLNCF   WREG, W
00002A 44E8           01153         RLNCF   WREG, W
00002C 6EF4           01154         MOVWF   PRODH
00002E 50??           01155         MOVF    _LATHbits, W
000030 0BFB           01156         ANDLW   0xfb
000032 10F4           01157         IORWF   PRODH, W
000034 6E??           01158         MOVWF   _LATHbits
                      01159 ;       .line   140; TCPIP_Stack/LCDBlocking.c  LCD_DATA_IO = Data;
000036 C??? F???      01160         MOVFF   r0x01, _LATE
00003A 0000           01161         nop 
00003C 0000           01162         nop 
                      01163 ;       .line   155; TCPIP_Stack/LCDBlocking.c  LCD_E_IO = 1;
gpasm-1.2.0 #980 (Oct 17 2013) Objects/LCDBlo   10-25-2013  14:19:33        PAGE 23


LOC  OBJECT CODE     LINE SOURCE TEXT
  VALUE

00003E 80??           01164         BSF     _LATHbits, 0
000040 0000           01165         nop 
000042 0000           01166         nop 
000044 0000           01167         nop 
000046 0000           01168         nop 
000048 0000           01169         nop 
00004A 0000           01170         nop 
00004C 0000           01171         nop 
00004E 0000           01172         nop 
000050 0000           01173         nop 
                      01174 ;       .line   165; TCPIP_Stack/LCDBlocking.c  LCD_E_IO = 0;
000052 90??           01175         BCF     _LATHbits, 0
000054 CFE4 F000      01176         MOVFF   PREINC1, r0x01
000058 CFE4 F000      01177         MOVFF   PREINC1, r0x00
00005C CFE4 FFD9      01178         MOVFF   PREINC1, FSR2L
000060 0012           01179         RETURN  
                      01180 
                      01181 
                      01182 
                      01183 ; Statistics:
                      01184 ; code size:     1496 (0x05d8) bytes ( 1.14%)
                      01185 ;                 748 (0x02ec) words
                      01186 ; udata size:      33 (0x0021) bytes ( 0.86%)
                      01187 ; access size:      9 (0x0009) bytes
                      01188 
                      01189 
                      01190         end
gpasm-1.2.0 #980 (Oct 17 2013) Objects/LCDBlo   10-25-2013  14:19:33        PAGE 24


SYMBOL TABLE
  LABEL                             VALUE

FSR0H                             00000FEA
FSR0L                             00000FE9
FSR1L                             00000FE1
FSR2L                             00000FD9
INDF0                             00000FEF
PLUSW2                            00000FDB
POSTDEC1                          00000FE5
PREINC1                           00000FE4
PRODH                             00000FF4
STATUS                            00000FD8
WREG                              00000FE8
_00143_DS_                        00000066
_00155_DS_                        000000BA
_00161_DS_                        000000F2
_00167_DS_                        0000013A
_00173_DS_                        0000017E
_00179_DS_                        000001C2
_00185_DS_                        00000208
_00191_DS_                        0000009C
_00194_DS_                        00000120
_00220_DS_                        000000AC
_00225_DS_                        00000048
_00232_DS_                        000000D6
_00233_DS_                        00000108
_00239_DS_                        00000150
_00246_DS_                        000001E0
_00247_DS_                        00000212
_00253_DS_                        000000A8
_00257_DS_                        00000074
_00260_DS_                        00000136
_00261_DS_                        000001B2
_00265_DS_                        0000017E
_00269_DS_                        00000240
_00297_DS_                        00000084
_00298_DS_                        000000B8
_00299_DS_                        0000018E
_00300_DS_                        000001C2
_00305_DS_                        00000044
_ADCON0                           00000000
_ADCON0bits                       00000000
_ADCON1                           00000000
_ADCON1bits                       00000000
_ADCON2                           00000000
_ADCON2bits                       00000000
_ADRES                            00000000
_ADRESH                           00000000
_ADRESL                           00000000
_AN0String                        00000000
_AppConfig                        00000000
_BAUDCON                          00000000
_BAUDCON1                         00000000
_BAUDCON1bits                     00000000
_BAUDCON2                         00000000
gpasm-1.2.0 #980 (Oct 17 2013) Objects/LCDBlo   10-25-2013  14:19:33        PAGE 25


SYMBOL TABLE
  LABEL                             VALUE 

_BAUDCON2bits                     00000000
_BAUDCONbits                      00000000
_BAUDCTL                          00000000
_BAUDCTL1                         00000000
_BAUDCTL1bits                     00000000
_BAUDCTL2                         00000000
_BAUDCTL2bits                     00000000
_BAUDCTLbits                      00000000
_BSR                              00000000
_CCP1CON                          00000000
_CCP1CONbits                      00000000
_CCP2CON                          00000000
_CCP2CONbits                      00000000
_CCP3CON                          00000000
_CCP3CONbits                      00000000
_CCP4CON                          00000000
_CCP4CONbits                      00000000
_CCP5CON                          00000000
_CCP5CONbits                      00000000
_CCPR1                            00000000
_CCPR1H                           00000000
_CCPR1L                           00000000
_CCPR2                            00000000
_CCPR2H                           00000000
_CCPR2L                           00000000
_CCPR3                            00000000
_CCPR3H                           00000000
_CCPR3L                           00000000
_CCPR4                            00000000
_CCPR4H                           00000000
_CCPR4L                           00000000
_CCPR5                            00000000
_CCPR5H                           00000000
_CCPR5L                           00000000
_CMCON                            00000000
_CMCONbits                        00000000
_CVRCON                           00000000
_CVRCONbits                       00000000
_DDRA                             00000000
_DDRAbits                         00000000
_DDRB                             00000000
_DDRBbits                         00000000
_DDRC                             00000000
_DDRCbits                         00000000
_DDRD                             00000000
_DDRDbits                         00000000
_DDRE                             00000000
_DDREbits                         00000000
_DDRF                             00000000
_DDRFbits                         00000000
_DDRG                             00000000
_DDRGbits                         00000000
_DDRH                             00000000
gpasm-1.2.0 #980 (Oct 17 2013) Objects/LCDBlo   10-25-2013  14:19:33        PAGE 26


SYMBOL TABLE
  LABEL                             VALUE 

_DDRHbits                         00000000
_DDRJ                             00000000
_DDRJbits                         00000000
_EBSTCON                          00000000
_EBSTCONbits                      00000000
_EBSTCS                           00000000
_EBSTCSH                          00000000
_EBSTCSL                          00000000
_EBSTSD                           00000000
_ECCP1AS                          00000000
_ECCP1ASbits                      00000000
_ECCP1CON                         00000000
_ECCP1CONbits                     00000000
_ECCP1DEL                         00000000
_ECCP1DELbits                     00000000
_ECCP2AS                          00000000
_ECCP2ASbits                      00000000
_ECCP2CON                         00000000
_ECCP2CONbits                     00000000
_ECCP2DEL                         00000000
_ECCP2DELbits                     00000000
_ECCP3AS                          00000000
_ECCP3ASbits                      00000000
_ECCP3CON                         00000000
_ECCP3CONbits                     00000000
_ECCP3DEL                         00000000
_ECCP3DELbits                     00000000
_ECON1                            00000000
_ECON1bits                        00000000
_ECON2                            00000000
_ECON2bits                        00000000
_EDATA                            00000000
_EDATAbits                        00000000
_EDMACS                           00000000
_EDMACSH                          00000000
_EDMACSL                          00000000
_EDMADST                          00000000
_EDMADSTH                         00000000
_EDMADSTL                         00000000
_EDMAND                           00000000
_EDMANDH                          00000000
_EDMANDL                          00000000
_EDMAST                           00000000
_EDMASTH                          00000000
_EDMASTL                          00000000
_EECON1                           00000000
_EECON1bits                       00000000
_EECON2                           00000000
_EFLOCON                          00000000
_EFLOCONbits                      00000000
_EHT0                             00000000
_EHT1                             00000000
_EHT2                             00000000
gpasm-1.2.0 #980 (Oct 17 2013) Objects/LCDBlo   10-25-2013  14:19:33        PAGE 27


SYMBOL TABLE
  LABEL                             VALUE 

_EHT3                             00000000
_EHT4                             00000000
_EHT5                             00000000
_EHT6                             00000000
_EHT7                             00000000
_EIE                              00000000
_EIEbits                          00000000
_EIR                              00000000
_EIRbits                          00000000
_EPAUS                            00000000
_EPAUSH                           00000000
_EPAUSL                           00000000
_EPKTCNT                          00000000
_EPMCS                            00000000
_EPMCSH                           00000000
_EPMCSL                           00000000
_EPMM0                            00000000
_EPMM1                            00000000
_EPMM2                            00000000
_EPMM3                            00000000
_EPMM4                            00000000
_EPMM5                            00000000
_EPMM6                            00000000
_EPMM7                            00000000
_EPMO                             00000000
_EPMOH                            00000000
_EPMOL                            00000000
_ERDPT                            00000000
_ERDPTH                           00000000
_ERDPTL                           00000000
_ERXFCON                          00000000
_ERXFCONbits                      00000000
_ERXND                            00000000
_ERXNDH                           00000000
_ERXNDL                           00000000
_ERXRDPT                          00000000
_ERXRDPTH                         00000000
_ERXRDPTL                         00000000
_ERXST                            00000000
_ERXSTH                           00000000
_ERXSTL                           00000000
_ERXWRPT                          00000000
_ERXWRPTH                         00000000
_ERXWRPTL                         00000000
_ESTAT                            00000000
_ESTATbits                        00000000
_ETXND                            00000000
_ETXNDH                           00000000
_ETXNDL                           00000000
_ETXST                            00000000
_ETXSTH                           00000000
_ETXSTL                           00000000
_EWOLIE                           00000000
gpasm-1.2.0 #980 (Oct 17 2013) Objects/LCDBlo   10-25-2013  14:19:33        PAGE 28


SYMBOL TABLE
  LABEL                             VALUE 

_EWOLIEbits                       00000000
_EWOLIR                           00000000
_EWOLIRbits                       00000000
_EWRPT                            00000000
_EWRPTH                           00000000
_EWRPTL                           00000000
_FSR0H                            00000000
_FSR0L                            00000000
_FSR1H                            00000000
_FSR1L                            00000000
_FSR2H                            00000000
_FSR2L                            00000000
_INDF0                            00000000
_INDF1                            00000000
_INDF2                            00000000
_INTCON                           00000000
_INTCON2                          00000000
_INTCON2bits                      00000000
_INTCON3                          00000000
_INTCON3bits                      00000000
_INTCONbits                       00000000
_IPR1                             00000000
_IPR1bits                         00000000
_IPR2                             00000000
_IPR2bits                         00000000
_IPR3                             00000000
_IPR3bits                         00000000
_LATA                             00000000
_LATAbits                         00000000
_LATB                             00000000
_LATBbits                         00000000
_LATC                             00000000
_LATCbits                         00000000
_LATD                             00000000
_LATDbits                         00000000
_LATE                             00000000
_LATEbits                         00000000
_LATF                             00000000
_LATFbits                         00000000
_LATG                             00000000
_LATGbits                         00000000
_LATH                             00000000
_LATHbits                         00000000
_LATJ                             00000000
_LATJbits                         00000000
_LCDErase                         00000000
_LCDInit                          00000000
_LCDText                          00000000
_LCDUpdate                        00000000
_LCDWrite                         00000000
_MAADR1                           00000000
_MAADR2                           00000000
_MAADR3                           00000000
gpasm-1.2.0 #980 (Oct 17 2013) Objects/LCDBlo   10-25-2013  14:19:33        PAGE 29


SYMBOL TABLE
  LABEL                             VALUE 

_MAADR4                           00000000
_MAADR5                           00000000
_MAADR6                           00000000
_MABBIPG                          00000000
_MACLCON1                         00000000
_MACLCON1bits                     00000000
_MACLCON2                         00000000
_MACLCON2bits                     00000000
_MACON1                           00000000
_MACON1bits                       00000000
_MACON2                           00000000
_MACON2bits                       00000000
_MACON3                           00000000
_MACON3bits                       00000000
_MACON4                           00000000
_MACON4bits                       00000000
_MAIPG                            00000000
_MAIPGH                           00000000
_MAIPGL                           00000000
_MAMXFL                           00000000
_MAMXFLH                          00000000
_MAMXFLL                          00000000
_MEMCON                           00000000
_MEMCONbits                       00000000
_MICMD                            00000000
_MICMDbits                        00000000
_MICON                            00000000
_MICONbits                        00000000
_MIRD                             00000000
_MIRDH                            00000000
_MIRDL                            00000000
_MIREGADR                         00000000
_MISTAT                           00000000
_MISTATbits                       00000000
_MIWR                             00000000
_MIWRH                            00000000
_MIWRL                            00000000
_OSCCON                           00000000
_OSCCONbits                       00000000
_OSCTUNE                          00000000
_OSCTUNEbits                      00000000
_PC                               00000000
_PCL                              00000000
_PCLATH                           00000000
_PCLATU                           00000000
_PIE1                             00000000
_PIE1bits                         00000000
_PIE2                             00000000
_PIE2bits                         00000000
_PIE3                             00000000
_PIE3bits                         00000000
_PIR1                             00000000
_PIR1bits                         00000000
gpasm-1.2.0 #980 (Oct 17 2013) Objects/LCDBlo   10-25-2013  14:19:33        PAGE 30


SYMBOL TABLE
  LABEL                             VALUE 

_PIR2                             00000000
_PIR2bits                         00000000
_PIR3                             00000000
_PIR3bits                         00000000
_PLUSW0                           00000000
_PLUSW1                           00000000
_PLUSW2                           00000000
_PORTA                            00000000
_PORTAbits                        00000000
_PORTB                            00000000
_PORTBbits                        00000000
_PORTC                            00000000
_PORTCbits                        00000000
_PORTD                            00000000
_PORTDbits                        00000000
_PORTE                            00000000
_PORTEbits                        00000000
_PORTF                            00000000
_PORTFbits                        00000000
_PORTG                            00000000
_PORTGbits                        00000000
_PORTH                            00000000
_PORTHbits                        00000000
_PORTJ                            00000000
_PORTJbits                        00000000
_POSTDEC0                         00000000
_POSTDEC1                         00000000
_POSTDEC2                         00000000
_POSTINC0                         00000000
_POSTINC1                         00000000
_POSTINC2                         00000000
_PR2                              00000000
_PR4                              00000000
_PREINC0                          00000000
_PREINC1                          00000000
_PREINC2                          00000000
_PROD                             00000000
_PRODH                            00000000
_PRODL                            00000000
_PSPCON                           00000000
_PSPCONbits                       00000000
_RCON                             00000000
_RCONbits                         00000000
_RCREG                            00000000
_RCREG1                           00000000
_RCREG2                           00000000
_RCSTA                            00000000
_RCSTA1                           00000000
_RCSTA1bits                       00000000
_RCSTA2                           00000000
_RCSTA2bits                       00000000
_RCSTAbits                        00000000
_SPBRG                            00000000
gpasm-1.2.0 #980 (Oct 17 2013) Objects/LCDBlo   10-25-2013  14:19:33        PAGE 31


SYMBOL TABLE
  LABEL                             VALUE 

_SPBRG1                           00000000
_SPBRG2                           00000000
_SPBRGH                           00000000
_SPBRGH1                          00000000
_SPBRGH2                          00000000
_SSP1ADD                          00000000
_SSP1BUF                          00000000
_SSP1CON1                         00000000
_SSP1CON1bits                     00000000
_SSP1CON2                         00000000
_SSP1CON2bits                     00000000
_SSP1STAT                         00000000
_SSP1STATbits                     00000000
_SSP2ADD                          00000000
_SSP2BUF                          00000000
_SSP2CON1                         00000000
_SSP2CON1bits                     00000000
_SSP2CON2                         00000000
_SSP2CON2bits                     00000000
_SSP2STAT                         00000000
_SSP2STATbits                     00000000
_SSPADD                           00000000
_SSPBUF                           00000000
_SSPCON1                          00000000
_SSPCON1bits                      00000000
_SSPCON2                          00000000
_SSPCON2bits                      00000000
_SSPSTAT                          00000000
_SSPSTATbits                      00000000
_STATUS                           00000000
_STATUSbits                       00000000
_STKPTR                           00000000
_STKPTRbits                       00000000
_T0CON                            00000000
_T0CONbits                        00000000
_T1CON                            00000000
_T1CONbits                        00000000
_T2CON                            00000000
_T2CONbits                        00000000
_T3CON                            00000000
_T3CONbits                        00000000
_T4CON                            00000000
_T4CONbits                        00000000
_TABLAT                           00000000
_TBLPTR                           00000000
_TBLPTRH                          00000000
_TBLPTRL                          00000000
_TBLPTRU                          00000000
_TMR0H                            00000000
_TMR0L                            00000000
_TMR1H                            00000000
_TMR1L                            00000000
_TMR2                             00000000
gpasm-1.2.0 #980 (Oct 17 2013) Objects/LCDBlo   10-25-2013  14:19:33        PAGE 32


SYMBOL TABLE
  LABEL                             VALUE 

_TMR3H                            00000000
_TMR3L                            00000000
_TMR4                             00000000
_TOS                              00000000
_TOSH                             00000000
_TOSL                             00000000
_TOSU                             00000000
_TRISA                            00000000
_TRISAbits                        00000000
_TRISB                            00000000
_TRISBbits                        00000000
_TRISC                            00000000
_TRISCbits                        00000000
_TRISD                            00000000
_TRISDbits                        00000000
_TRISE                            00000000
_TRISEbits                        00000000
_TRISF                            00000000
_TRISFbits                        00000000
_TRISG                            00000000
_TRISGbits                        00000000
_TRISH                            00000000
_TRISHbits                        00000000
_TRISJ                            00000000
_TRISJbits                        00000000
_TXREG                            00000000
_TXREG1                           00000000
_TXREG2                           00000000
_TXSTA                            00000000
_TXSTA1                           00000000
_TXSTA1bits                       00000000
_TXSTA2                           00000000
_TXSTA2bits                       00000000
_TXSTAbits                        00000000
_UDPRxCount                       00000000
_UDPSocketInfo                    00000000
_UDPTxCount                       00000000
_WDTCON                           00000000
_WDTCONbits                       00000000
_WREG                             00000000
__18F97J60                        00000001
_activeUDPSocket                  00000000
_memset                           00000000
_stdin                            00000000
_stdout                           00000000
r0x00                             00000000
r0x01                             00000001
r0x02                             00000002
r0x03                             00000003
r0x04                             00000004
r0x05                             00000005
r0x06                             00000006
r0x07                             00000007
gpasm-1.2.0 #980 (Oct 17 2013) Objects/LCDBlo   10-25-2013  14:19:33        PAGE 33


SYMBOL TABLE
  LABEL                             VALUE 

r0x08                             00000008

Errors   :     0
Warnings :     0 reported,     0 suppressed
Messages :     0 reported,     0 suppressed

